Qmbuk1sEwVeT4gmHz8D8K8hun6A75teJyw2WFWAqDXKRo9,
QmYGS5Hu3bvUNfK5Q4E6oXBxKuUHBAvD7Gqiq9AgnVhHJh,
QmUwqDS9XWkHnAhyVSKJY5DsdspCejffRUUTmR7P5TZYvk,
QmcJ2twKVhtXEiafqrYCfAC5fQt1afZ4HboPAUX8Zf3wUe,
QmTXxm4T4Vb5ExUBXjt5RrQ6FySiFtRZhgniRn7pG73mZe,
QmS1wZrZmg2DAPHRbNSgYNsm4AFcEnMthdfZFDTh8BcjVP,
QmaHqE1jbMFMJ5YJApMqjivk9ysMj3ZJALMWHeRjWxn8YL,
QmSGVmwV6xDXreNrxyQRKgUsZcPMkeJ5oE1fucC1eRvfgh,
QmbfFfEVWve3itrxZxCjwScn2c1GSzznfy71TSgMF2jZtZ,
QmaT4yfLKTXJTC1KgynYSi3URkUeTcCxHRpyaH6TQKzCjF,
Qmbw4eET2ua4Qt6VtiXH5FVKZ33XSDaphYdaRMLC4wckSk,
QmWXpZbz7MK9o8o3pZ4gCHd5dBJhbCHBFA51JDQyiJZT1Z,
QmZBnSaFik6Sh5kYYMBUicfwD5GwS83Tt9xsuFswuYpbTs,
QmW32ofGMCkmJyjBwUhiJpgt7q9eepTFaT6QGwgAjejsnZ,
QmTjfc7ULEABbSFgQgTii5c46wQx4hRoBN71fkUzhkvTpC,
QmXd56iMgudtGWmhxLAU9W7EBQh5g6aPypDp8cGebmsxDR,
QmdeE1FYAYY7r8xaebSdUd3g6viF5FCzGYFNjfgAKnybui,
QmQFNyQCEqNhv7MSLe8kVqatRxAP9VacwenrNzm3zeBcfU,
QmXXdHMtR158aD5QWyNi3vz1s2URuZKGbGAUzJTu2n6pLt,
QmS14K2gaycaVXTjDBvZci8VuzCSwkdUnDUyKX5qJgoJ9p,
QmcafrJ9m5eXSTnY5mxywLSRyQpYBj7zqLSyUwPXGjdGJ9,
QmVphasJrHDFxTQcBAZmHbmgfSZpZ6ZNLBmky78d2yy9dr,
QmQ6AExuMRcJJRvgyYxSCUdUMQhbu93Abv4L5VHfhis8DX,
QmSbSfgfhr1xC4PJXZR7XqcC6eMZ4jW2mYMQw2EmsNzYHU,
QmSV7sjtz1YGa5Wy37NERTjyWhvWG367wTW8hR6akDwF7U,
QmUtLtTL2Rrta9stRoHGUsUvJxJPk8u1uC6PJzX5n2dcsj,
QmdTt2BwgHjXUTSfb7kKKxUskqCsdaTnGbAY6MXVFwWZ8z,
QmebqzGDfDf2kcQEMDsDUU1UhykabHXAYz8KaQLxdYAbHT,
QmVp7JjaWUByLszWLrYwu8AkFSne6uYMwJs8ZCmRaYsxY4,
Qmdc3ZzfC5WQ1NBiPEaUxg45j9QipteziZnjm5r6F2pokb,
QmSMxKa1Qnwc8toPZnYgPtquGyPtwBkfxMHNfr8iJx8W31,
QmeEiadN8n2R4A6BVmKabebvSY3WVbU9Lg4QRUTV84N8vm,
QmdLL3b67b6Ls3B4nd6W9zAmeSJgTAh92gZPtbZUckXwaH,
Qmf4Qvx1eT7cZhjhRKJhxX5ndUP9MRM6PUiLMyMW6sfYFw,
QmWo2kkVjxRXjtV6Zrg479dgV7tVGPhvxGE8EAzBZD8R1E,
QmU2S3Jkbm8NPpAbmDRaJMQuz73VuT8EdBRrCHuqgKUfQ2,
QmRh9AqoQzVgh9FVDHGnJTf5RkWtYL8mZ9QDh3aiYCxA52,
QmaWwBjczYZmLxgdbuuZa3tbood1XnMSzoXj1Ym6fr1z7n,
QmTFmBcXQ3C57QTeWVCXjXy9jpLFKFCCGHcBbKewWTxkyF,
QmfYortXcB6nWiVwSrKT2gLX2Qam8zJwAFjeGZkrH3bXPA,
QmYdvvtkSdo6VrLddUm6yPGbnZ8gUKyUQJUNaEb43FnVw5,
QmTtxXa7ZM8gRWfbhTEedGTfortd19fAsGHTPBW2JwR3Si,
QmbsD1YPT1E9NN4uM8inN1hW2F8nsUAVCcEqRzYtyzbLKb,
QmSzahjv2CoHjm88JWbjxZrWhkY5Len4UKvvtYi1nCDpgs,
QmbB1QD7MHgELEpxL5fn5sM8GEY5q1uRAkKk4SiuASvC7x,
QmNfGgchwRMLX2jsXBaBMPNzDwr2saPccMKKAsQHoBdw26,
QmbW8tuks6cyy6H2bbX5cjggo8MPCjGj44e3fkmRQrbYDF,
QmUAaeqRiC71horXgabxgGiyTBB7T5HQEU4ta8AdNcYPj2,
QmQFBgJjqPKdbGTLLeyQ5TzDcLLALDvRuRk5ohTBh2jrgR,
QmUP27whytwsBJQsuQksE9KXAYu2JkDfwfBy7Krb3SGtBD,
QmdfxJ4oo38NuxwbA2k3GJiWvQKFoGLhqLXH2M6R7jiZVs,
QmYmu6EXwP5qz8spZPZqSf9anRvdvPgDAsgJVRiNJmWJk8,
Qmf23JktyxcdiHte1Ns6SDc9TogKXxwZxjJZr2FqoNZVLJ,
QmTagas557W7W3vXHidppxi6XGLV8vURXkwwtvEmySuEBk,
QmZuhYhF8NNKETZaKENHsKrXfqLPnHh1dKnbccBf4Crdxn,
Qmdv6gomgSVmCjofAJRrrkC19iA4TSCpC1pyTksgXtLToC,
QmRoTo4E1digiXh9XxZnNKYU2GLMiH7EGwmEjMRLMR12wD,
QmcXekiHRanXYDqQAuNXLeuWUCDGWdtXHi6YLPmBt2dGAM,
QmQbV4TXFGkcuVvNMbU8uUDpdWQzCHcBMJXRhxDSpMwC7e,
QmYqo8speFxWd25PJ1KjvxeaUWQykpQSxkJnoUYxG21kgj,
QmRCfvuEuwtqTQhRh6KDU77ntWFXgAXGEDvF22uW8FXiRg,
QmXnFFB8vwx3NH9cB9txRxvP4yHcWisapvsjqonFiijoD2,
QmV8RK736gusdTgoXBwc7nKJdkSRLsDkXoB3fnMk1E29a7,
QmcFjzTcmoAgdEcYnqCWLJuW1QbGqQQDRVYGNFV3jreja4,
QmSmKABkQMT6XJVNn7y4eYLLF6HHe9Kgcm97THsWH45DeM,
QmRyGwM8LmKnbZe5SLiZozC3iqBuCFxux9j6B8PhsqP9hd,
QmayngCKzeGg6kfjvaJDHv6j48EXYi6Q2bHEceJJ3ioYi8,
QmXKRn43kxiMb5iS1WoYT2CAcwTTHaot5z4cWrRJvjK8BJ,
QmVT6kcNrDhodbesmWK7AEMQj3ep4NLpecNhy16sZvM9n8,
Qme4YMkd9niYTkk6kWdCmXQWMEKXDhB9XhDczFgHCE9DqN,
QmUFQ2Fgh7YDjYZ6eha4G18dkowoC5vftt68MSdgpWKQ4M,
QmVSinpMuBSNHKjaffJqgiL1bww2m4bNVS8XAaF7RD7fgB,
QmTx7Zz2SqhVpVdCTdcDriudHUuUYKzmgk3MxGEEEZ4mVp,
Qma7Xy9osfb12unjJ9URNzsxyTmLk7fAp4BWfSCs9BkNne,
QmSHZWqbETUzaHTcMKTAhAXmFqWTheB76AA9CfYU26vGmW,
QmaYGeeWtmSeaZs6Trm1A9jmkDH8rVD7KYw96jxM8Nh2hG,
QmQ9i6KXdgwL1nZzdVwY9u5gM9xV6WEdjtLRHm8ZBueRSH,
QmPAyBaYu8jdgSQZakkAbudMi57SQByXcyvS8urfHtL2ES,
QmTViUbrtopHDnGwYiGyKZy34fwQmdFTdgP55Kh3vxqNip,
QmRgMLhtrEmaiSJKFG5AFZ3KnpVVDAYTFmJe3i16WzdJtX,
QmQDmoZCFYtUYW5gh6UkX41BafBCr4EGdwpgpPKDfzVn4r,
QmQ5vSRgTbHi2qCJGxkgkKCvTswBAxJ6rjVSNAxgQK81VQ,
QmfLvdK7khJU82EQcSJeZuRUc5Xcp5YwoRSh4BUnmwtxDT,
QmbYUyrmJsBybYB28TDwXCP9BcePqFGyQjmNjNgyoVUZHt,
QmShfLfher9qtvwf3r3ZEFcpMASapHoeGEHZihdTMt5TUp,
QmR5seFFzVFBZQcr8kJepGSte5mwGBtViZECHhXLbAke4A,
QmSvVfScCXD6DSJQDUoXAiSBriENL85SUScw8x3icmaGcw,
Qme4YLoaZqwQE81BY6pBSH5ifVYDnwwZ6PCMFJtW7Ag7wT,
QmVgfMKtm1q7VnABRdQzCb6sbGYiG1hRwtbYLfGiHG3xEE,
QmXRnutNkpdxbixQTUUijkiLB1Vk5khky3bon8rGzCMcKS,
QmVYc2B1JUb7Fm3F72zF5R54eJKy1FMp3FsvTmY7nzqSta,
QmTHF9mgJEUo3BeKpXno3ZtCExuPpNuL7eruxiiXYkVG4A,
QmUBkTZigesnkwkzJ4KenmaALD7o16fJWVXE6PVBUzqHz6,
QmcWYvGbiLNxPRJHK8v2dbC4nhcAttSkBm2MtK54TSU5cv,
QmT5GtekwXhhkB7jd9PBtQEuThYrutuwBVTbQApV13b3MZ,
QmUjbr7znYpdbVGHFAGU999tvLRAWE4US8b9coRt3j1g6Z,
QmTU1UtQBbvWhi8w8Uo2gfcVmTUPzvDBXtjA5ZPsoJUT1f,
QmRdUoPznJJ4Mo6iPfWG4CbgWwoK4AHfhumBvqqTdzvs11,
QmfNj8ysZtxMGbQ1YTwGMEMFDC5phDPhmyN6wpqPZH3JRB,
QmNbWBZn53dyd4WocwcwPLfU7VSupPV1fiPxBXNKcTPkXA,
Qmbf84ZoiEp79FA18dvje5cgymWSJM9VqBQcKnwc6k7Q8N,
QmW49ZdpaJYwy4cBALrsspQZzJS1VGSKnu3ZxyoPopzFif,
QmRRTHJvob1H55UGRw4cBZiUxwpzW16uoM2wW9BxEDH7y1,
QmNdJAVhdJRJzcA7Bfw8H76Nb4eNUmJNm56H3NJnUxFxWQ,
Qma1bztpqwFm7wW1mG2HBcFa36mSVfoj7niEoGYWek4fZY,
QmYu4CsPMNNMH1ACeNQnaenkUsAg2csUHpPPyMQU8JEjBz,
QmSk4t135EDNqcijeWKsMmVWQz4Ygmxt4YSXRU7FPjs4uW,
Qmbqp1eMUAm32kefPhaBUKXrncwxtCui3jQMgusDvrUM6B,
QmPnXaXnmfwz6YSz83VpTx6H3MG69BRULNQjistnGdiUcS,
QmXavkbGf4BBXEkVNtfo6iprVJSDnTo2e4dFH38BBfT6eP,
QmcYXhJcKo1DaikSnLnNw7BVzyaoZTes9fWx4cUfBSj2F4,
QmeJ5y2Kqpet15UwYcjB3XjLadxLsGuxtN5bFgetfvtDMr,
QmUM8tLdC747oxkgzf5aJQXV53GwsP3dZjuBKNDWtxugWB,
QmfGCizAcEvKwSnACYP1xXJs1HBbXFmUH4J6ryXgugLbSG,
QmaWUZ7pinfUn1ZZuQbNdrynEktG2ErRAAJFWqjV9EDLzu,
QmWJoPK8A6kzaCSw7J1YDvod8CbP8fbuuhTeQqdqahwuqb,
QmPEFRNcwj4bApMPxUYVipxkcbB2QRuxzudrN1DeK99GFP,
QmTR4GdTcAeRAtLC7jfFw1t1XJytEtb5UiFszbomGBcwcr,
QmPD94w45jRcGhQ2oWHjMdHaUjKo6S3ToGKnhCyaRKPnnv,
QmbYUhd1qy26PABziSkx6Yfd892jxBpXMkKJ6sDUYWH9V3,
QmVJE4hG7SkvaCvZxoQfzc6yXSvse6xpfTo6TgyrrEqrgm,
QmddEgSzrAHMu8mtV6S7B8vysYz9A4cqddDRoMbzjMAdum,
Qmctx3xATGfrMdaLjqEHQGDvovs3GmvQMacVL3ypLW662N,
QmYdf4K4ZjtGnMtoQB2GPUCWvncYZBHg3NC7uhsjwn9brq,
QmaCnfqNBUEMkj4EqSMBJqEm2vB3QeXiUCBujMP8f8afbp,
QmfMw4DGWEZZArJQPhriCtDpbbbxmEwoDviqkbkrK6dxJT,
Qmez1PLPc1weXSLL3svv1drzWMzGgTwLS4VKfsMk1dm5km,
QmWtfSdJ84oTQ5YUATCVCKHyhqyBx2wd2SFfaHN84ossXe,
QmTYVCpGYxqezf4xYBE7mmDSBY8ywZPrwjGpbHfpzoS6Wa,
QmeQFCZjhFpis1xLucmzqgY56g8WYZy5hueNBd3vjHXkmu,
QmQgiH9SYw8EiXZGBqRx5DUsH9dN3TcDmMkuBVHMN9R2ob,
QmUFFGZHSDTQF2qydynSrVN7cBi64GDkAkt26qDuBHq5gk,
QmTK8MzzSr7kMNFRtpbvnKEYBDjfiVVAj5TyHLT6ntBkGk,
Qmd2UQtosxasjJUypfpGrqH4SiujHPjMSBSew4bXVyj9jW,
QmQjGnHYgK25TwCVFvZaVtYpbUmJ5tvrRbVP7YxiUwMd4X,
QmRmG78TdWhhdLwvcx6BHqwqKcQfVLumaWjgDxZaDfUPAx,
QmbuPpUgN2PRt8h1VpUyxUCRtbDJgJ5VD6cNoNtj2QhAgD,
QmXYgvK1xzxUg1SZrzki3fFUkbQHss9BNca9MwLzF6KXY7,
QmfXNLBHfSniKzYAKMKwCYw8Z48Tc9wLSjwLFqedCbXYUv,
Qma9QTnvmTYUEgMJgRyZf11fGkLuh2WYKvLAuC8y92ynKW,
QmcgnQhd9VHB1Ycorg9khWsKJw99GXg7RWqo8HXsBNJVdN,
QmeNF4SL43FSCzGyco5GEqebo9GNSndQg8rbGuJt6wZD5r,
QmWYoyXP9ugLqWUr5xS3tsJFx1x8rr7KzvCJxQ7RMBuyQ3,
QmU8GEt2KwdSjZyT4xb4rKHiWCoGJzS1WNT8ix4nQNiHcJ,
QmURZuSAXYoNC8WsDxpiR8jtQzn9XpYZUrMmTbgDzjm4dK,
QmZFMjE7vL1yuJ5j3UsNwwkb3J7LVjRHczyzFpRvYXQxf4,
QmUPSesYYWj9dEk2husMSCjWV395wSJRSktidTPq87v8tR,
QmRswcmgMUkzLhMtKnD9i13NjFB7jhiAsE7NoNwQMVfR64,
QmTJMJQubfTevFo3gYEZFRpbxeRSrY7udV3X1wkC1j4VBw,
QmcwotWQJQ3UJSwrVdDAXt2ZfE6VTRQUagSGjv1qbji6j6,
QmR8fFWYqLiyf8eoKZA5VmiKmsx5nKNMb8nzf7zuRA7Cec,
QmbG21Evmqc9DVmgyq4DUQfu8v7yWAVYJ3GbrFR3X36xtq,
QmTqqacr5gee2U9vzZTwSxTXFQbPfgiPEfTVzvsZxepxGo,
QmdT6NW9wrsBwT87NueWs96iB7aQcprqLY4mhU7t4yBhMm,
QmY2Bi2xSMhZhXCLsarCW2hevoPwcfwGgLV43iRerbqTNd,
QmfGm8S4WJxByCc46BDBsLCkZ6zbX38hpwzMNvT8fugRMw,
Qmcoy5upLLWcLfDUiuC3zJpKsAGbPMW4gKQfify1dKNR6z,
QmaJ1Sa4JKqVwjx3HyJJVPY6WUfw3th7kKr1gKgW79Bk6H,
QmNfGvya37d7Djk8KuaXNMCHrhcu42nhvhAcfHqAR8x5Ta,
QmNmAPx3ggxsTyKQ4feTwxo7hRxi2R9WK87Wkcfkdjdh1K,
QmT8hsU14AwT52Xv3gpXSB2QiKtQPGUtsg8aj8MZvhasAb,
QmdCX4SopeHdf4Fm9bAbCzy9QFYFLWmvdzVjCYQzqLjfDX,
QmXVkUsLBmvJkYU7E23Ezwhzkeckg2DKy7zwbo2GQezJYs,
QmdHnSUKRRpgW9xjDYgKqS8yinTy3hqNj5NjL8kzVoq9i2,
QmPKYsmyxiK1DBV1zXHLuc4DNuriwjrGFscYwTj7LDcwta,
QmcZVzMmGtk1Ghtsxp2qUvdrTCMrMHaUNfXSbjT85nRKsU,
QmWuVGbSBNGMRT1SenfovbPtABrWVyxUCJEnWcLxzk6eY7,
QmWL3fVAchK637UVXKFu7AfVxsMtiApp5MZKSh7BdqisLG,
QmUxJLpCbEJ4qAri9pyQpEh3ppgPrW8dfjhBg3kr3HMdzf,
QmT6STReqPybPjm5JE5gLS3n3nYB7X7wjVQp6PiCrL2meQ,
QmePwREFutYiB6Hf6UDWA8hKaLdiVwymcMzFQ1T3CcgAAf,
QmWuMnVbST6HzJU4ovmwoimUwrgUwsyzTw5cV7FYUGDbng,
QmSgu6tRBh12RWrCv2jABpwXKUusUfjseFgMXwsc8ki3wM,
QmUiTMRyDe7CcNvE3AZkLtkVDY1V6hSbT3bSZEauJZaftf,
QmZdMhQ9WgHwr1rNdKVRsaxZtuKHvy2YbtjUtupbYi6aG3,
QmUDBrG9qCnztRPcdVp1Q9xodJKCB7T3sNHB6YwgE3pFrm,
QmV8kfHPz6554mdiURLQpVWfJDFtQtG3KAXWmUSmgjK3FS,
QmTjsWr1EYyh6SACosDNAj4t64fPJswGQCk1DY7fnj5vBz,
QmXqqBpUsf7w92oHXh2iNNwtaQNyaR8wjHjh42Wz1YU53d,
QmY7cq7g5EmzURMQkuyo6tFBxm7Xbg5V1rruMvJFzsY9BU,
QmcbceG1Ry27qjBuSbFxb38nye86dPz38w8gXLykfyT8pC,
QmUkFtDh3CDfAMfw5q2Rxd3vt6edQezSgTYbjohJZTMMgS,
QmexUEtTAcr8rt8eUraP7TFthnM4YRgBnjdTX7LPJCyTfB,
QmdnEZfhycmQs5machrVEMtzQbABp1yjQxt3NFFgBKGquE,
QmP66yPPeCDKZF6Au3qUbg4zX8WvikaazmUr5hubJpCQXi,
QmSz6s4NcSRHADnso7R3j2sCigQkJkxnXGnhFhJJ127GGQ,
QmNeeJuUDxmEBQR1BCyLHHZxT3RiCpba4qj7h3a8tkTrjd,
QmWbF4xAsmkDqWGhN2rNz2e9PUdEqoDyrBRnucvcSMke4E,
QmcaCBsYcWZ9E2Sf16XY5xYYA7eM5wCMHv5Te9RgmZZjEz,
Qmc42Rfy33itQ6E8u7LmF8DG1AaadjrUfTZn2SqSqHDcdc,
QmeeJxrm7cdKpq8L64mK8XLjJmKy9a2sFHP4N2J2rfw2Ep,
QmPKfZ6XdjLRaWr7YazxFdLxYpnWMWwTzGHVxHgcja5cKe,
QmZpgVbXuu7QDQhfQDjEjyctGN6Pine1zUSEXY5Fz2Z5b5,
QmXUWRMsxYj3TrWsKPCcKgeTHKNaUBNdMQ3wrp9M2bWTcx,
QmceRP75fDH5Ewjf1khtnrfqGcTmWJqACzWDG6zZgeRYRQ,
QmRnT9Mp7tVXj9FNyvNHA3xnGCYXEcpgFFShRG1GX6wRfP,
QmYzmGD8KF7rxgFSexmhEo7TJ864CqqLKD5NqUKJrmLtSA,
QmR36MbVHfGi8LAUE8H7jRxKGzb3yKqnXNJe4XC5CSwVWL,
QmP4Qd3CcN3Wx1EDs3ybrZHK7ZjXs7DPACQxtPkpdxv1BR,
QmeTRZR6kXopgfE6NcAsy1MfQECFCVjPvS4fd8N1aovVzs,
QmfVuhzT996DnLFC1w6LDLiZzUDjqrxkfSsjNqgYNmPBdB,
QmcuWgspRGrMwv8tQz5BiCh4ddPPPc9YNdsdryiguyoGZ1,
QmRGHvXnrTBgEMf6Czo3fecyubCw1WP8ixtzQaukftP1gC,
QmRoQFJdNoH2a5nVvMTjrPHTZXz4oqPHson14r2kRxj5Hu,
QmXuKQPdqLZihTrgsVqPwd87zJTJS38vkit8gWQX8CXLeY,
QmWRcE69EYq9zR412dTa55gZm4cSMUSmSHXhB3BFbTW8XW,
QmYsMvrmgbhBJX5A5n3Trm9DQwLxgip9Ej8d2RC5Ks4Lvw,
QmPCQQhT4A8Q9KEwnLaqctv2Vp7dcQ8RJkvNpzD45rbJyF,
Qmd3cyk7Qbvtvr7FN64T5GNjkMdrZ3bhJq6tKFhR8YLpk1,
QmSCHKcjuHe9fFC1PmhyDPFyNK7vKziMGyNjVrFkNj4r2p,
QmWAaEXNnighNg1uZpUQ9i4nB8aWAwse36PrxpvWwCpZuk,
QmQeRvPryhpuNa7ie4bUwbjnxYVjdvsV7VhrSv1c8jddkC,
QmdyCp7ARe23m6MKHV1mqrtQu3Y7T1vwCXoZNTTqaxinPc,
QmYhTYYNovpo2w1Kpy69vBM5jj32TQJ3XYKzStM5dEeb53,
Qmde6fHwv6obtB6nQPskuroMHgCLuodkaNzSVE29jTdys5,
QmZYSgTEDUpBB9oKcoZ9VL9c1DhEZNhJXchME7ghiXWTs2,
QmXyX7HqV5MLfuA245wcbYzfcCNJt5UR5Hn1nmYmur3Fd1,
QmSH9vPipifguDDmemJ9sTUbGrWbL5idLPpLziTELDPa21,
QmXyo17ejSgevJepHSJDmt3YeZ6GUPq9W1DsGoMBfD9bkW,
QmNgAoriwSxs8dYAaRJv7csquxdqWiBJN8bhVbg9k3Rf7z,
QmWJLrziQ6WAH5DAUjcCjxtPzWVy3QZPb1pg4hHez7NoAx,
QmacjCSCSkoSK5t5EJaWDHP6a9NSpgXVPEFnDWuFbuNfKu,
QmY5ucK33TeVmyvTcNLzEjTSwh3nZLNR5atx6uNv9VNAY1,
QmPHfhj6VLTNudaCfMt3x7CAq2Je1igD6endx62xgr9s9N,
QmPbWoabFgDBuVKWZh9goHvaT5YhxRdZjSBvQFJAiZqnSg,
QmR6K2LN7fTFNN8XHVZmEBzYF29aXSDfoTvDen7GjDJox7,
QmRFQ7kznKzGu6PYDrDEiTwfPudi4RroDgYMcR6KQAmkNU,
QmRdWj6hxv585h3KbVpbB47PcmNyRLqjjU9Jb5KpVTVwng,
Qmaw69JZEmVUNwkw9CxaqWu6DNjmEipv1BWmeL3iyLHfRF,
QmVufDrPFrgDEhpGXwhT8kFuHyH9odi7Y5TEKhttCjQ1S9,
Qmajn644NnJi9CR7FiiMK12gazv8U3EhSvpcR6c9CvhgHu,
QmdESN5reeHMY1NdYjqivWpHTDoBJ4YTL3BGcezdoro9xS,
Qmb7ynQomFQvzfb3QQHjtreAmBY4AKGit7CatEf3VZSbk3,
QmXS1CELDH5Xbn5KTtQrbrRkyhwmjfc24BLS6BSajUbj2m,
QmPSTzfx5ukBqcwe9yAbiAkkeXqHLLfTAUPBfBCUJDCQMe,
QmUgk5KLcpZLXVUJnVkoJCzYPAAzWDSx3gWK4ou32SuZQc,
QmX7iVCmN5kA7pwSHU8irAmknfuHDuBUb5BbvfiqPgFHwg,
QmX4JFpkkwS1tLSRXsZcnv3Bwqg6kCX6Goo9CZcuti6DB7,
QmfWw4yEmxZL4FcpjzenieX7MfRjmy7y7iGSqELBr4Zorr,
QmV18zZCLPjS1gfcbrrmP6zP17nENTjn63mb62P933TMmS,
QmNwB44UY7TmCdNS4DeSW8KtPG9gv8UfeZTfHpYdzoMp9c,
QmXa8GnQN8dwHQMY1RYaJChbrZTmPjhUYkXL4GWmGASB4p,
QmPi6d8qFeyYqpDDDeeWUdTpn3ScUqquUMr2Usb4hHvAXk,
QmZu1DLobjeY7EV6qBV3zBkqu4nY28mhSTmLDEpA7iTCiB,
QmXLehX9WJWj9J74wHcUjYsdQQaFUQRbQ3p2rEzL2jLmaj,
QmXzbyVyfZB4hzHXpM22sv85WJd7BEAUVeSzBde6Sheppd,
QmYMDSkUMeL4qkwQUMP2657ktcbcKjXHf7S5pv9GtkSSiL,
QmRAbT5caJCGzTV4vhaoHw6MiaZnqqWGiQTNgqXp8VFZGy,
QmdauEyiUYruv3FFJRGrpMQFyXzcQgPuZtEKMPVHnzWDd4,
QmZkG14hABtDi5WpVSeYGzykGCrcTXP9FGmGQhS9Z8bbUD,
QmY5hkLf2rCLCSoq9gsHPzpk3k3zd5smUbtft191YzErJG,
QmanKBWRrLnQ2Erp3D2YYJp8WJXrT3VwViv1Qccjx8ixJa,
QmPPB9Fw5eEjMbAoBGYC68NE5heVVS2ueFokZow1ojZXGo,
QmRkdysgVX8sFyBG9sZXq1M7Eh3AwksNac6qV6RLy1M45w,
QmSsDBfHTMJh24HozHNduke658UrEskMJbTGKojrX7FV74,
QmZa1ZMayEeza6NiEi6G3yLkrMLGLtjvzjomFd1cKDBUx4,
QmbzjqWFBX5Qc5SHYsS7sXVgU2B2FvXBoqsQJkKzRueJxr,
QmSF9c64hfQEDzqu4MV8ZadcoJZ4UxUjncwuLJgsUgmsVG,
QmT74EZ6pesxBKYK4vjS3ZDKQ4SGKpAEzmBvJcmjpB97QP,
QmcbJrrtWxAaMHYqe1Q5szEfyWUxhE67qTBefXajZuQEYN,
QmRJtzTwjo4R3V4iSmebaKHqSsNdVm1FGbk3WeZDkcCXr3,
QmWYTQmxDiXxWFCopNu8m5yXBxfVa2prABTsuBnvud1uZX,
QmSUajxvvcyZ7wBatsS8UNrci8zhvApwHQr2YQ8zqJ6WWA,
QmWZKsRwF6EnGLG62ckNPu8BSDKMYW9vxpuXdr74Mrikxw,
QmdGj1uH3qUuJ4Y6CSQNmZGAUXhKQzW5N5LHer7qWw7RUk,
QmWQyq2uvLwYd49sPC851YEMvVKbmDvFRUVCDSauiFbud4,
QmdnYeTYgGPov2H5bSr6kSEXk2fE8nEX1x9Nr2Sgw9FVTz,
QmStqSEu33KbrDYNM9knFuqxxMuQd9ASgTgHW9EUzkv2WZ,
QmeyTKWGCKW7WDVHhEVJNEzDoDnQZcdQSXmVF1vxmArdeM,
QmWamgwrMaMrgsyFGm8sT8RTKLwhvQ7hJM2cpz2snfi6bq,
QmV2niTMKhvvuTVjQsfeKezkfnh2try3PzJusYuFJPfQmJ,
QmeLMKotejuMmspooM7FdxFpqzETFcYwnPPS8Z2qiXgau5,
Qmbmb4d4Zk63A3mJxHgMrjHt6Le96e8fLb6znEBtqcXWRV,
QmVvDgXWvf2DFiw5UxgzskpQDXpQNtrtL2TBM6eqsY7cEd,
QmeP2CtxuAFbp7c9CRbbonRtQUoLwFEersj1LrRMFfKTUz,
QmUG3rE3YZdF8bHi6E25RLeiEgPSX3daV7uCwaa5dXVF3v,
QmWSWz7czoK6A84k41NLEoukfWa6d93Bnq65wv8YxZ3qJf,
QmfGZmNDj6k2KQfk4XHLNjx4tAhtLXRFWvNytyza4b1vPF,
QmcYofWGVyW11yc1BCKb97JQ2TBqCjiRxtyU5WZKPJHozD,
QmfJnYFfrfgCy4zmZP5WcdgExUydNMwhCeAomHJFhCYfPi,
QmNzZw86Tehp2CovRzL97S212xiFkx2zeUtMMHSaUR1id8,
QmdDJkCJbWnRnAxfNw884xL3uK6QyBRZdmckVcjaHKV6ZC,
QmRPLfHg9j7qLovUSFk4yp5w2ZX9mMYH245mRgeAdAdgeS,
QmS5mVLFdnV1X7xov1e7RRtx9syp3iXvg57psKF5yjwRp6,
QmTQEYHuB2Tn66bZ413xC9V1xA2uGDJcePmmmYeLFpyxMi,
QmX5CkvfMcQU142nYfxYJKheF5m1RePWawuzjByR9V6MhA,
QmRno95xPrKHjCTYocdjW2rrwKnnvqs4bZA22TtAYWfPdG,
QmapD2bE8SDTRAn7hJLN3oAb3ynDRHYSv1Q3LSjRvseSq1,
QmS7au6a3G5L2ke1yMXMKNpnGipM5DJ6HxxnHQDNka2KTt,
QmbAPLUxqw978EdALGts7QG1V3RaNE57YN6TxuH1uT79Hm,
QmScaHB693y8EFUnziVH4snKF9NULx9G29uybNn45iyF4Y,
QmYs2msdtPTmbXpy8Z9YffaEDLhM4nb1Tof5ifL8Z1hqSv,
QmbBHd3YSBdDhmrKbrc53PJUBKKZskHYo7oojasixq81d3,
Qmc4df5byxuXaAxMeCvz32MEHt5K2yZXey7nG6zh7yUUew,
QmSwBKZEQtRF5JdCTG69MufYt59uAJcbpHJopVpFh67xhJ,
QmT8JbCJQydVFhKCEaaz7Ftj3g1Dyx5RgcvRDmcrNjYLWw,
QmVnTQpcNXYFFZYrizu2D9oGTCYnoFTazRwXwV2BxSKEHG,
QmdUptZDC6sbwVdYZMmWQcrdpJWNNYuZ7CPMQRXUqz5WXa,
QmajFokpKaCoY55oWBBy4hPPzvyGuHTPJ1nk8skfFQj8rq,
QmWu21YJRV6unQPvLynRomUYr97nng66L2sem7aiYspZwT,
QmUpUZtexDo4XWSLWS55vkWvGPL51i9nFX8N7EiqSenpEV,
QmYg56GqhkYQnUKEFUrhCTsdB8pqbSWPBgEtdZBj9xj3wc,
QmYMx6JrehJw7eR5Y16ydziFcfdzLCjJqygwmjJQsZ8k4E,
QmXS7QC71rjN5GYxsGG1kA8npMScZAT7ZM7zkthRF5dRaq,
QmZ43e9TzMy2isob4XYX6yV1uMQGhMjxDJQ5AXZnze9Dxs,
QmV7zC4dN76LxhXxKng6PvJ5uWrCZAzLgTivScoK8Nz3UD,
Qmeg8VoChG259w3g68iHAts9RwZ14LSWJVysF6iiavWiDo,
QmQ435B8qnfBW5AwBXRkwi17ET9xie7YgUybt9FvLSJJdv,
QmYwcn4DNtXRkZWCfsTdNpL2fbqUoXhGfHsnkQzY1Sfq3m,
QmeyQLYXKmA4F2K5hYQaLob1vQn5uDH9Qf9R2Jh55hia2e,
QmWYLf3YHWvpthGFGyjM2vBbBVrmDpkKBfUSXwwicNwhRX,
QmVVhLM4YyywiPxAyAHcLQ1ersvmQ5oBht5XtNg96HKC6s,
Qmb8bJuu4YH2DiQnghnVQFJzuRLmgAVnaiufDwXsWCoxg6,
QmSVceW9zquePBu5RVEGjjqXukYoWjRVoeJmkwKE4toyiX,
QmbtsZw3DrJvwRKm8BFsUMFmn3ZFJWVwJXbueP7a3HtcBu,
QmWzWQ8bmC3zEbc14LLVCrEnNmFXysfsgsuFEWLjLQsF3F,
QmQ4ughAcUBLH7RYaZwNquMC1xJFDjJ9DPo1NLsBWnZPkr,
QmNR7fx3Zh7YgvGrwRrjqdtT5JY8gEsQkwBwVxpVJ5Z3CG,
QmNXv4K6yrcYQhxB7HMvtU8TPYe6jyV3DKZZfYTQrFkws7,
QmQ6PFavsrh2dcFzRKA3avsjDsgGAaE95NNzZLLwjYgWnT,
QmeJ162FQD4M3JKqw7qaTB1Y5NA5uvMmmH5Q8WH9bfpoby,
QmRs2guR87jbzuZqDgtV4h7xz7gbvKszxh6KUAGd7xoU2e,
QmatXJKkto5Jwudy7i4CUnga7xfpD1Q9FB8c4sZqCJbo2u,
QmYzwpRXEUfAj8mAej3tYNuigC82n1Rx4BxYPCRBJkY9uW,
QmV3CEkL3SZpzJNyUNsnGZVDoPAhMhBqAEL3itZsezNbNC,
QmZfwV5KbfThehEABbeKwghg4X5RPUT8eTEbXM1wtsFeXY,
QmfVR2rwdiV1PihwubK4uttW3CwPxnggkcvvuxDKLjgptX,
Qmc6gz1hPGZtyt5Bm2uA77XQ5z98ULR25ZtEs2818Ryn6H,
QmZfv3TRWgqGNa5VBg79GKeyfUsxCz5MauzN45dkGBkduv,
QmZagyCvaApteSFYN8DQrU7MMzpw81rrkov1b2BQu8B8fb,
QmW17bB2SRFjdYeQeTUdWyxXdVF8ARes9EfBPFsSR5bjpc,
QmP27Ej9s5RwMmQtrys6pNhwe6CMSE5rat6ym8FQEn42qH,
QmNx2XNsdsfeenfcvvkJMgS9JmDYLe2oomnuhXKG4g3hLV,
QmciQJpmmLN7E7oJZ2dmY5FuUqANh1FHbUUQYs7ZREasrp,
Qmar1bmK62nzXwRwAoZaWCqTbZNVgQfBKz8AqKAg2VDVGa,
QmVXSDaqHW9Rx7mv7Viece2sBLJgUreNE8WBbBY9idt1HB,
QmXApqJXb3g2hKsZcaTLFCzJ4zwgij2z5cnSUDQxicJ16Z,
QmfJxjkrBQeRtxRXneT7cq9Rp9egZJXTJucgyEfNS5hD6K,
QmPkqLyMRGfCudS2m9y3smQmuFu1tp2KomgLQj6pfNVQrW,
QmWFqS3XFGZWnscKEBt76wgDQGNQKgpoof5vPe7uiLNeH2,
QmdfUdK5TXhoKsodPoa4FY1PRzSMxCo83sqSuiSf5KoCy4,
QmWCiDnWSBu3GVBy7sznMjMZjbm1q6nb351ikY1FvqjfwM,
QmZoxMw8ZXk2LE8P7FF12fzKi6DjCq6vNEYTyNoadn15Bw,
QmRZHnh96H9L5aQfjVAnoDczccRaRoEaoSiXEhschRucQh,
QmPzgg91PvP8sSSDu48f1nzvPKK1YeKgFrskHggVFwES24,
QmX2tH7LArBYvv8XRwkBEtd1DLFNeyWnwLdGisX9P74PkG,
QmehSNPcCmgT443ySYxfhAPAiuo6iPuQptfnEPYNHWUsVn,
QmYFe1sN3wNrF448Y8NMfFdc4nBuameMXaQxDeC5Uj8Xv4,
QmU2PHkfFBn6SdREJwQwJduMWkJpWicQEnimU3P6MK68Q1,
QmWJStS6Lfva7Gfc5i5YoFXa6ZG9bmvgHUXtg2Q67zyjNF,
QmPKnoJharG3SeNmG8iut9XQQUpVA1ijnW334CbLALkzFi,
Qmbp1YpMhWTBo5qhGi7q7u6ZfCdLeaL7s6WYyJ3AqQQ25W,
QmS5WtPG5XR7vMGLhyj76QKK6rUj9QdKPPLmCTQQxwjawV,
QmRbcjsBzqufm36Kt6A2mhruzvrvqxcmEMkQWVYEbyD6Br,
QmYNUvZfrBFmVAMYe4UHm229WvuNV5gpj2EpcZXmXzsPro,
QmYDEPFLfhCvVfpm5JnLwabbDKCTWq4oHEXDae3fFojjP6,
QmVTvsmXdFgU588Q9YYaMkYa3mQYJoiwKRUh7qMSDcuQka,
QmWQQKMBxTRMpmt1DwapR9gZjzQgbMg3bvfQZBZc65XBhz,
QmbB1CbKtqQ8BbjkQoFqZPdRG37yWTukMZyrr453WbFYZG,
QmPVkoXtvRzatnfzAXmGtBJLGy22iTJYo254HY7zjC8nrz,
QmUmPTmZPiFpxfmfoVf4cpCKAFGc6AGSeWM8bkvxA5AXY5,
QmemkDSPe49cGQHnmdZMrvF3ZX4VhivNKxfBPMgq5QQBRy,
QmbogbbDmkmWqfd9oWfBirLr6c9g8naNNEYt449ygrCcrH,
QmYXvCMsEK3j2MbT6EPRJzgubrjBpiCSnKjsgTjPw77848,
Qma6DwkAM2SxAU7zuqwM2uTq5YyNKsrPCKY9FTBBrjSGrD,
QmajSUj5SaCUbHVtfynPGrv4pehQ1Pkp3LgCemA7BA1auF,
Qma8L7iwznBdwrvfCKWshZgmzzfWakSpa7fvugPRjnEfYM,
Qmc4DoewbjbTR58qAYByC7wcH3mUhBsU81fGcZnkP7XyrV,
QmbBqRCZgtehxibPsGgwNwGs1u8sqvkHv7fCvsxC9SZwb5,
QmeBMnwpyQKNEuGVyxZUYVhhLij2BRAQLL36uUfQPPBGLy,
QmeTR2A57HY4r9EPioQHGgAVryNKPUmEi1EDu3FtqLYkEf,
Qmbo8viBfWtYXKXcva6UUB2AwQx1AsJS7WRDExJJkU7mhX,
QmScJYQVww2XSFqxBp3HCecmpj2H2rz9Tphdwy9LQSwBHd,
QmetFx9Z5xqHsJaGYqqNkcjPAy3pSadPPeSBzsY9T2tdKm,
QmZAdvNnYGS7YUhGMknmShqMMkFKQDTkgmbkBPpnM6CWRx,
Qmf3vf8LJHuxWEx7KdPsjcSNrYjJBovRucyGDyUnDL3Hxz,
QmRdGZt6vzCu8pkQiJ4wttXjZsN4tWVWohxCC29ATeCoEG,
Qmb6UHwc5RRgJbqrE9iMJWj5QxAkijonnrgbvEPF1RoWXD,
QmRgCCb6UPWmdhBbcwmawYfJ8iXZ2c6sDpVnmVmd6v6wY9,
QmcKvFhx5YLKS3bEKFTjFRtk1rS4bYSWoBNW9iuBxsti7N,
QmQjNr7yUBkmQP1PRT1UDtStZj7S9oNfV6GCUL32KKYYhf,
QmSDbxsEU87Qz7F7pM2mj7DLvznxa2x6o2ALtnBFNN7ykR,
QmW9p2WaLZe7HkccbuKWYva8z5wn3PLKVseYeXyZ8LE7Tx,
QmSmkaNo3SwgkKpPAntVHMLvFZ8UBLxardGKzchTkbD2qX,
QmREhGYVpnf7icJpfxffTJVcfiDU51puZzZLqoVsFq5Pu9,
QmcNCXg8FhVGCDHSHGphTR78ncZw7h8cyW9iT8nNhx7wPF,
QmW6ypJx6XFYDo5FxkfQo4DXekJ1niCoANzxQoJ94XvpJt,
QmQyJR6pyR9suWKCfQBuU1TLPnvwkrbfo26G7cwpLWC92P,
QmRBvxHNMvQ3XA8AqkLMSTMXkVC8GRptDVwPmk47ETrQRi,
QmSjyqQJ2b24WEjpgzP5QzQCYrhDS2VoRZRehighf2y4bg,
QmTge9CSZfEeRsqy2tut2msxEXRn2mq2cmbUHXYVuvBC2h,
QmXdAUzQHsasHNFk5gPxSUmxxxsBiKNeMzokXbBWM3pnyP,
QmPGcfJDECxBYPuwq4h8paYNdChrqfaQfQaJqoxXpU74Mx,
QmUqyN23hKnGB1CyDwstw4mewAxqreCpGydEEdmBgXXMEu,
QmeGj4WncoHExe66sTDiRB9DHdxFXznN3Jt2Gzo7PHoqc8,
QmW85b3qvGyQWxAXbq4YyhaxK9ctiCTZP1KWTV3nGS8wg3,
QmNp3dExxvPGD5xsMkGj1aPDba4zeNCAcFpUiqx1gYm1hs,
QmdEjEAtvy4d3faJhUhMH8pks747NjpJxsVhqjy8jwGam6,
QmXkxsCXMwWwGHN5BuW6FY4LAqLvb7o2JSMdUp6irgL9wX,
QmYddbqBYgM6LrKKQfpAhTpPzE8qaJW1CpHdkjP35kCqoZ,
Qmbuk1sEwVeT4gmHz8D8K8hun6A75teJyw2WFWAqDXKRo9,
QmYGS5Hu3bvUNfK5Q4E6oXBxKuUHBAvD7Gqiq9AgnVhHJh,
QmUwqDS9XWkHnAhyVSKJY5DsdspCejffRUUTmR7P5TZYvk,
QmcJ2twKVhtXEiafqrYCfAC5fQt1afZ4HboPAUX8Zf3wUe,
QmTXxm4T4Vb5ExUBXjt5RrQ6FySiFtRZhgniRn7pG73mZe,
QmS1wZrZmg2DAPHRbNSgYNsm4AFcEnMthdfZFDTh8BcjVP,
QmaHqE1jbMFMJ5YJApMqjivk9ysMj3ZJALMWHeRjWxn8YL,
QmSGVmwV6xDXreNrxyQRKgUsZcPMkeJ5oE1fucC1eRvfgh,
QmbfFfEVWve3itrxZxCjwScn2c1GSzznfy71TSgMF2jZtZ,
QmaT4yfLKTXJTC1KgynYSi3URkUeTcCxHRpyaH6TQKzCjF,
Qmbw4eET2ua4Qt6VtiXH5FVKZ33XSDaphYdaRMLC4wckSk,
QmWXpZbz7MK9o8o3pZ4gCHd5dBJhbCHBFA51JDQyiJZT1Z,
QmZBnSaFik6Sh5kYYMBUicfwD5GwS83Tt9xsuFswuYpbTs,
QmW32ofGMCkmJyjBwUhiJpgt7q9eepTFaT6QGwgAjejsnZ,
QmTjfc7ULEABbSFgQgTii5c46wQx4hRoBN71fkUzhkvTpC,
QmXd56iMgudtGWmhxLAU9W7EBQh5g6aPypDp8cGebmsxDR,
QmdeE1FYAYY7r8xaebSdUd3g6viF5FCzGYFNjfgAKnybui,
QmQFNyQCEqNhv7MSLe8kVqatRxAP9VacwenrNzm3zeBcfU,
QmXXdHMtR158aD5QWyNi3vz1s2URuZKGbGAUzJTu2n6pLt,
QmS14K2gaycaVXTjDBvZci8VuzCSwkdUnDUyKX5qJgoJ9p,
QmcafrJ9m5eXSTnY5mxywLSRyQpYBj7zqLSyUwPXGjdGJ9,
QmVphasJrHDFxTQcBAZmHbmgfSZpZ6ZNLBmky78d2yy9dr,
QmQ6AExuMRcJJRvgyYxSCUdUMQhbu93Abv4L5VHfhis8DX,
QmSbSfgfhr1xC4PJXZR7XqcC6eMZ4jW2mYMQw2EmsNzYHU,
QmSV7sjtz1YGa5Wy37NERTjyWhvWG367wTW8hR6akDwF7U,
QmUtLtTL2Rrta9stRoHGUsUvJxJPk8u1uC6PJzX5n2dcsj,
QmdTt2BwgHjXUTSfb7kKKxUskqCsdaTnGbAY6MXVFwWZ8z,
QmebqzGDfDf2kcQEMDsDUU1UhykabHXAYz8KaQLxdYAbHT,
QmVp7JjaWUByLszWLrYwu8AkFSne6uYMwJs8ZCmRaYsxY4,
Qmdc3ZzfC5WQ1NBiPEaUxg45j9QipteziZnjm5r6F2pokb,
QmSMxKa1Qnwc8toPZnYgPtquGyPtwBkfxMHNfr8iJx8W31,
QmeEiadN8n2R4A6BVmKabebvSY3WVbU9Lg4QRUTV84N8vm,
QmdLL3b67b6Ls3B4nd6W9zAmeSJgTAh92gZPtbZUckXwaH,
Qmf4Qvx1eT7cZhjhRKJhxX5ndUP9MRM6PUiLMyMW6sfYFw,
QmWo2kkVjxRXjtV6Zrg479dgV7tVGPhvxGE8EAzBZD8R1E,
QmU2S3Jkbm8NPpAbmDRaJMQuz73VuT8EdBRrCHuqgKUfQ2,
QmRh9AqoQzVgh9FVDHGnJTf5RkWtYL8mZ9QDh3aiYCxA52,
QmaWwBjczYZmLxgdbuuZa3tbood1XnMSzoXj1Ym6fr1z7n,
QmTFmBcXQ3C57QTeWVCXjXy9jpLFKFCCGHcBbKewWTxkyF,
QmfYortXcB6nWiVwSrKT2gLX2Qam8zJwAFjeGZkrH3bXPA,
QmYdvvtkSdo6VrLddUm6yPGbnZ8gUKyUQJUNaEb43FnVw5,
QmTtxXa7ZM8gRWfbhTEedGTfortd19fAsGHTPBW2JwR3Si,
QmbsD1YPT1E9NN4uM8inN1hW2F8nsUAVCcEqRzYtyzbLKb,
QmSzahjv2CoHjm88JWbjxZrWhkY5Len4UKvvtYi1nCDpgs,
QmbB1QD7MHgELEpxL5fn5sM8GEY5q1uRAkKk4SiuASvC7x,
QmNfGgchwRMLX2jsXBaBMPNzDwr2saPccMKKAsQHoBdw26,
QmbW8tuks6cyy6H2bbX5cjggo8MPCjGj44e3fkmRQrbYDF,
QmUAaeqRiC71horXgabxgGiyTBB7T5HQEU4ta8AdNcYPj2,
QmQFBgJjqPKdbGTLLeyQ5TzDcLLALDvRuRk5ohTBh2jrgR,
QmUP27whytwsBJQsuQksE9KXAYu2JkDfwfBy7Krb3SGtBD,
QmdfxJ4oo38NuxwbA2k3GJiWvQKFoGLhqLXH2M6R7jiZVs,
QmYmu6EXwP5qz8spZPZqSf9anRvdvPgDAsgJVRiNJmWJk8,
Qmf23JktyxcdiHte1Ns6SDc9TogKXxwZxjJZr2FqoNZVLJ,
QmTagas557W7W3vXHidppxi6XGLV8vURXkwwtvEmySuEBk,
QmZuhYhF8NNKETZaKENHsKrXfqLPnHh1dKnbccBf4Crdxn,
Qmdv6gomgSVmCjofAJRrrkC19iA4TSCpC1pyTksgXtLToC,
QmRoTo4E1digiXh9XxZnNKYU2GLMiH7EGwmEjMRLMR12wD,
QmcXekiHRanXYDqQAuNXLeuWUCDGWdtXHi6YLPmBt2dGAM,
QmQbV4TXFGkcuVvNMbU8uUDpdWQzCHcBMJXRhxDSpMwC7e,
QmYqo8speFxWd25PJ1KjvxeaUWQykpQSxkJnoUYxG21kgj,
QmRCfvuEuwtqTQhRh6KDU77ntWFXgAXGEDvF22uW8FXiRg,
QmXnFFB8vwx3NH9cB9txRxvP4yHcWisapvsjqonFiijoD2,
QmV8RK736gusdTgoXBwc7nKJdkSRLsDkXoB3fnMk1E29a7,
QmcFjzTcmoAgdEcYnqCWLJuW1QbGqQQDRVYGNFV3jreja4,
QmSmKABkQMT6XJVNn7y4eYLLF6HHe9Kgcm97THsWH45DeM,
QmRyGwM8LmKnbZe5SLiZozC3iqBuCFxux9j6B8PhsqP9hd,
QmayngCKzeGg6kfjvaJDHv6j48EXYi6Q2bHEceJJ3ioYi8,
QmXKRn43kxiMb5iS1WoYT2CAcwTTHaot5z4cWrRJvjK8BJ,
QmVT6kcNrDhodbesmWK7AEMQj3ep4NLpecNhy16sZvM9n8,
Qme4YMkd9niYTkk6kWdCmXQWMEKXDhB9XhDczFgHCE9DqN,
QmUFQ2Fgh7YDjYZ6eha4G18dkowoC5vftt68MSdgpWKQ4M,
QmVSinpMuBSNHKjaffJqgiL1bww2m4bNVS8XAaF7RD7fgB,
QmTx7Zz2SqhVpVdCTdcDriudHUuUYKzmgk3MxGEEEZ4mVp,
Qma7Xy9osfb12unjJ9URNzsxyTmLk7fAp4BWfSCs9BkNne,
QmSHZWqbETUzaHTcMKTAhAXmFqWTheB76AA9CfYU26vGmW,
QmaYGeeWtmSeaZs6Trm1A9jmkDH8rVD7KYw96jxM8Nh2hG,
QmQ9i6KXdgwL1nZzdVwY9u5gM9xV6WEdjtLRHm8ZBueRSH,
QmPAyBaYu8jdgSQZakkAbudMi57SQByXcyvS8urfHtL2ES,
QmTViUbrtopHDnGwYiGyKZy34fwQmdFTdgP55Kh3vxqNip,
QmRgMLhtrEmaiSJKFG5AFZ3KnpVVDAYTFmJe3i16WzdJtX,
QmQDmoZCFYtUYW5gh6UkX41BafBCr4EGdwpgpPKDfzVn4r,
QmQ5vSRgTbHi2qCJGxkgkKCvTswBAxJ6rjVSNAxgQK81VQ,
QmfLvdK7khJU82EQcSJeZuRUc5Xcp5YwoRSh4BUnmwtxDT,
QmbYUyrmJsBybYB28TDwXCP9BcePqFGyQjmNjNgyoVUZHt,
QmShfLfher9qtvwf3r3ZEFcpMASapHoeGEHZihdTMt5TUp,
QmR5seFFzVFBZQcr8kJepGSte5mwGBtViZECHhXLbAke4A,
QmSvVfScCXD6DSJQDUoXAiSBriENL85SUScw8x3icmaGcw,
Qme4YLoaZqwQE81BY6pBSH5ifVYDnwwZ6PCMFJtW7Ag7wT,
QmVgfMKtm1q7VnABRdQzCb6sbGYiG1hRwtbYLfGiHG3xEE,
QmXRnutNkpdxbixQTUUijkiLB1Vk5khky3bon8rGzCMcKS,
QmVYc2B1JUb7Fm3F72zF5R54eJKy1FMp3FsvTmY7nzqSta,
QmTHF9mgJEUo3BeKpXno3ZtCExuPpNuL7eruxiiXYkVG4A,
QmUBkTZigesnkwkzJ4KenmaALD7o16fJWVXE6PVBUzqHz6,
QmcWYvGbiLNxPRJHK8v2dbC4nhcAttSkBm2MtK54TSU5cv,
QmT5GtekwXhhkB7jd9PBtQEuThYrutuwBVTbQApV13b3MZ,
QmUjbr7znYpdbVGHFAGU999tvLRAWE4US8b9coRt3j1g6Z,
QmTU1UtQBbvWhi8w8Uo2gfcVmTUPzvDBXtjA5ZPsoJUT1f,
QmRdUoPznJJ4Mo6iPfWG4CbgWwoK4AHfhumBvqqTdzvs11,
QmfNj8ysZtxMGbQ1YTwGMEMFDC5phDPhmyN6wpqPZH3JRB,
QmNbWBZn53dyd4WocwcwPLfU7VSupPV1fiPxBXNKcTPkXA,
Qmbf84ZoiEp79FA18dvje5cgymWSJM9VqBQcKnwc6k7Q8N,
QmW49ZdpaJYwy4cBALrsspQZzJS1VGSKnu3ZxyoPopzFif,
QmRRTHJvob1H55UGRw4cBZiUxwpzW16uoM2wW9BxEDH7y1,
QmNdJAVhdJRJzcA7Bfw8H76Nb4eNUmJNm56H3NJnUxFxWQ,
Qma1bztpqwFm7wW1mG2HBcFa36mSVfoj7niEoGYWek4fZY,
QmYu4CsPMNNMH1ACeNQnaenkUsAg2csUHpPPyMQU8JEjBz,
QmSk4t135EDNqcijeWKsMmVWQz4Ygmxt4YSXRU7FPjs4uW,
Qmbqp1eMUAm32kefPhaBUKXrncwxtCui3jQMgusDvrUM6B,
QmPnXaXnmfwz6YSz83VpTx6H3MG69BRULNQjistnGdiUcS,
QmXavkbGf4BBXEkVNtfo6iprVJSDnTo2e4dFH38BBfT6eP,
QmcYXhJcKo1DaikSnLnNw7BVzyaoZTes9fWx4cUfBSj2F4,
QmeJ5y2Kqpet15UwYcjB3XjLadxLsGuxtN5bFgetfvtDMr,
QmUM8tLdC747oxkgzf5aJQXV53GwsP3dZjuBKNDWtxugWB,
QmfGCizAcEvKwSnACYP1xXJs1HBbXFmUH4J6ryXgugLbSG,
QmaWUZ7pinfUn1ZZuQbNdrynEktG2ErRAAJFWqjV9EDLzu,
QmWJoPK8A6kzaCSw7J1YDvod8CbP8fbuuhTeQqdqahwuqb,
QmPEFRNcwj4bApMPxUYVipxkcbB2QRuxzudrN1DeK99GFP,
QmTR4GdTcAeRAtLC7jfFw1t1XJytEtb5UiFszbomGBcwcr,
QmPD94w45jRcGhQ2oWHjMdHaUjKo6S3ToGKnhCyaRKPnnv,
QmbYUhd1qy26PABziSkx6Yfd892jxBpXMkKJ6sDUYWH9V3,
QmVJE4hG7SkvaCvZxoQfzc6yXSvse6xpfTo6TgyrrEqrgm,
QmddEgSzrAHMu8mtV6S7B8vysYz9A4cqddDRoMbzjMAdum,
Qmctx3xATGfrMdaLjqEHQGDvovs3GmvQMacVL3ypLW662N,
QmYdf4K4ZjtGnMtoQB2GPUCWvncYZBHg3NC7uhsjwn9brq,
QmaCnfqNBUEMkj4EqSMBJqEm2vB3QeXiUCBujMP8f8afbp,
QmfMw4DGWEZZArJQPhriCtDpbbbxmEwoDviqkbkrK6dxJT,
Qmez1PLPc1weXSLL3svv1drzWMzGgTwLS4VKfsMk1dm5km,
QmWtfSdJ84oTQ5YUATCVCKHyhqyBx2wd2SFfaHN84ossXe,
QmTYVCpGYxqezf4xYBE7mmDSBY8ywZPrwjGpbHfpzoS6Wa,
QmeQFCZjhFpis1xLucmzqgY56g8WYZy5hueNBd3vjHXkmu,
QmQgiH9SYw8EiXZGBqRx5DUsH9dN3TcDmMkuBVHMN9R2ob,
QmUFFGZHSDTQF2qydynSrVN7cBi64GDkAkt26qDuBHq5gk,
QmTK8MzzSr7kMNFRtpbvnKEYBDjfiVVAj5TyHLT6ntBkGk,
Qmd2UQtosxasjJUypfpGrqH4SiujHPjMSBSew4bXVyj9jW,
QmQjGnHYgK25TwCVFvZaVtYpbUmJ5tvrRbVP7YxiUwMd4X,
QmRmG78TdWhhdLwvcx6BHqwqKcQfVLumaWjgDxZaDfUPAx,
QmbuPpUgN2PRt8h1VpUyxUCRtbDJgJ5VD6cNoNtj2QhAgD,
QmXYgvK1xzxUg1SZrzki3fFUkbQHss9BNca9MwLzF6KXY7,
QmfXNLBHfSniKzYAKMKwCYw8Z48Tc9wLSjwLFqedCbXYUv,
Qma9QTnvmTYUEgMJgRyZf11fGkLuh2WYKvLAuC8y92ynKW,
QmcgnQhd9VHB1Ycorg9khWsKJw99GXg7RWqo8HXsBNJVdN,
QmeNF4SL43FSCzGyco5GEqebo9GNSndQg8rbGuJt6wZD5r,
QmWYoyXP9ugLqWUr5xS3tsJFx1x8rr7KzvCJxQ7RMBuyQ3,
QmU8GEt2KwdSjZyT4xb4rKHiWCoGJzS1WNT8ix4nQNiHcJ,
QmURZuSAXYoNC8WsDxpiR8jtQzn9XpYZUrMmTbgDzjm4dK,
QmZFMjE7vL1yuJ5j3UsNwwkb3J7LVjRHczyzFpRvYXQxf4,
QmUPSesYYWj9dEk2husMSCjWV395wSJRSktidTPq87v8tR,
QmRswcmgMUkzLhMtKnD9i13NjFB7jhiAsE7NoNwQMVfR64,
QmTJMJQubfTevFo3gYEZFRpbxeRSrY7udV3X1wkC1j4VBw,
QmcwotWQJQ3UJSwrVdDAXt2ZfE6VTRQUagSGjv1qbji6j6,
QmR8fFWYqLiyf8eoKZA5VmiKmsx5nKNMb8nzf7zuRA7Cec,
QmbG21Evmqc9DVmgyq4DUQfu8v7yWAVYJ3GbrFR3X36xtq,
QmTqqacr5gee2U9vzZTwSxTXFQbPfgiPEfTVzvsZxepxGo,
QmdT6NW9wrsBwT87NueWs96iB7aQcprqLY4mhU7t4yBhMm,
QmY2Bi2xSMhZhXCLsarCW2hevoPwcfwGgLV43iRerbqTNd,
QmfGm8S4WJxByCc46BDBsLCkZ6zbX38hpwzMNvT8fugRMw,
Qmcoy5upLLWcLfDUiuC3zJpKsAGbPMW4gKQfify1dKNR6z,
QmaJ1Sa4JKqVwjx3HyJJVPY6WUfw3th7kKr1gKgW79Bk6H,
QmNfGvya37d7Djk8KuaXNMCHrhcu42nhvhAcfHqAR8x5Ta,
QmNmAPx3ggxsTyKQ4feTwxo7hRxi2R9WK87Wkcfkdjdh1K,
QmT8hsU14AwT52Xv3gpXSB2QiKtQPGUtsg8aj8MZvhasAb,
QmdCX4SopeHdf4Fm9bAbCzy9QFYFLWmvdzVjCYQzqLjfDX,
QmXVkUsLBmvJkYU7E23Ezwhzkeckg2DKy7zwbo2GQezJYs,
QmdHnSUKRRpgW9xjDYgKqS8yinTy3hqNj5NjL8kzVoq9i2,
QmPKYsmyxiK1DBV1zXHLuc4DNuriwjrGFscYwTj7LDcwta,
QmcZVzMmGtk1Ghtsxp2qUvdrTCMrMHaUNfXSbjT85nRKsU,
QmWuVGbSBNGMRT1SenfovbPtABrWVyxUCJEnWcLxzk6eY7,
QmWL3fVAchK637UVXKFu7AfVxsMtiApp5MZKSh7BdqisLG,
QmUxJLpCbEJ4qAri9pyQpEh3ppgPrW8dfjhBg3kr3HMdzf,
QmT6STReqPybPjm5JE5gLS3n3nYB7X7wjVQp6PiCrL2meQ,
QmePwREFutYiB6Hf6UDWA8hKaLdiVwymcMzFQ1T3CcgAAf,
QmWuMnVbST6HzJU4ovmwoimUwrgUwsyzTw5cV7FYUGDbng,
QmSgu6tRBh12RWrCv2jABpwXKUusUfjseFgMXwsc8ki3wM,
QmUiTMRyDe7CcNvE3AZkLtkVDY1V6hSbT3bSZEauJZaftf,
QmZdMhQ9WgHwr1rNdKVRsaxZtuKHvy2YbtjUtupbYi6aG3,
QmUDBrG9qCnztRPcdVp1Q9xodJKCB7T3sNHB6YwgE3pFrm,
QmV8kfHPz6554mdiURLQpVWfJDFtQtG3KAXWmUSmgjK3FS,
QmTjsWr1EYyh6SACosDNAj4t64fPJswGQCk1DY7fnj5vBz,
QmXqqBpUsf7w92oHXh2iNNwtaQNyaR8wjHjh42Wz1YU53d,
QmY7cq7g5EmzURMQkuyo6tFBxm7Xbg5V1rruMvJFzsY9BU,
QmcbceG1Ry27qjBuSbFxb38nye86dPz38w8gXLykfyT8pC,
QmUkFtDh3CDfAMfw5q2Rxd3vt6edQezSgTYbjohJZTMMgS,
QmexUEtTAcr8rt8eUraP7TFthnM4YRgBnjdTX7LPJCyTfB,
QmdnEZfhycmQs5machrVEMtzQbABp1yjQxt3NFFgBKGquE,
QmP66yPPeCDKZF6Au3qUbg4zX8WvikaazmUr5hubJpCQXi,
QmSz6s4NcSRHADnso7R3j2sCigQkJkxnXGnhFhJJ127GGQ,
QmNeeJuUDxmEBQR1BCyLHHZxT3RiCpba4qj7h3a8tkTrjd,
QmWbF4xAsmkDqWGhN2rNz2e9PUdEqoDyrBRnucvcSMke4E,
QmcaCBsYcWZ9E2Sf16XY5xYYA7eM5wCMHv5Te9RgmZZjEz,
Qmc42Rfy33itQ6E8u7LmF8DG1AaadjrUfTZn2SqSqHDcdc,
QmeeJxrm7cdKpq8L64mK8XLjJmKy9a2sFHP4N2J2rfw2Ep,
QmPKfZ6XdjLRaWr7YazxFdLxYpnWMWwTzGHVxHgcja5cKe,
QmZpgVbXuu7QDQhfQDjEjyctGN6Pine1zUSEXY5Fz2Z5b5,
QmXUWRMsxYj3TrWsKPCcKgeTHKNaUBNdMQ3wrp9M2bWTcx,
QmceRP75fDH5Ewjf1khtnrfqGcTmWJqACzWDG6zZgeRYRQ,
QmRnT9Mp7tVXj9FNyvNHA3xnGCYXEcpgFFShRG1GX6wRfP,
QmYzmGD8KF7rxgFSexmhEo7TJ864CqqLKD5NqUKJrmLtSA,
QmR36MbVHfGi8LAUE8H7jRxKGzb3yKqnXNJe4XC5CSwVWL,
QmP4Qd3CcN3Wx1EDs3ybrZHK7ZjXs7DPACQxtPkpdxv1BR,
QmeTRZR6kXopgfE6NcAsy1MfQECFCVjPvS4fd8N1aovVzs,
QmfVuhzT996DnLFC1w6LDLiZzUDjqrxkfSsjNqgYNmPBdB,
QmcuWgspRGrMwv8tQz5BiCh4ddPPPc9YNdsdryiguyoGZ1,
QmRGHvXnrTBgEMf6Czo3fecyubCw1WP8ixtzQaukftP1gC,
QmRoQFJdNoH2a5nVvMTjrPHTZXz4oqPHson14r2kRxj5Hu,
QmXuKQPdqLZihTrgsVqPwd87zJTJS38vkit8gWQX8CXLeY,
QmWRcE69EYq9zR412dTa55gZm4cSMUSmSHXhB3BFbTW8XW,
QmYsMvrmgbhBJX5A5n3Trm9DQwLxgip9Ej8d2RC5Ks4Lvw,
QmPCQQhT4A8Q9KEwnLaqctv2Vp7dcQ8RJkvNpzD45rbJyF,
Qmd3cyk7Qbvtvr7FN64T5GNjkMdrZ3bhJq6tKFhR8YLpk1,
QmSCHKcjuHe9fFC1PmhyDPFyNK7vKziMGyNjVrFkNj4r2p,
QmWAaEXNnighNg1uZpUQ9i4nB8aWAwse36PrxpvWwCpZuk,
QmQeRvPryhpuNa7ie4bUwbjnxYVjdvsV7VhrSv1c8jddkC,
QmdyCp7ARe23m6MKHV1mqrtQu3Y7T1vwCXoZNTTqaxinPc,
QmYhTYYNovpo2w1Kpy69vBM5jj32TQJ3XYKzStM5dEeb53,
Qmde6fHwv6obtB6nQPskuroMHgCLuodkaNzSVE29jTdys5,
QmZYSgTEDUpBB9oKcoZ9VL9c1DhEZNhJXchME7ghiXWTs2,
QmXyX7HqV5MLfuA245wcbYzfcCNJt5UR5Hn1nmYmur3Fd1,
QmSH9vPipifguDDmemJ9sTUbGrWbL5idLPpLziTELDPa21,
QmXyo17ejSgevJepHSJDmt3YeZ6GUPq9W1DsGoMBfD9bkW,
QmNgAoriwSxs8dYAaRJv7csquxdqWiBJN8bhVbg9k3Rf7z,
QmWJLrziQ6WAH5DAUjcCjxtPzWVy3QZPb1pg4hHez7NoAx,
QmacjCSCSkoSK5t5EJaWDHP6a9NSpgXVPEFnDWuFbuNfKu,
QmY5ucK33TeVmyvTcNLzEjTSwh3nZLNR5atx6uNv9VNAY1,
QmPHfhj6VLTNudaCfMt3x7CAq2Je1igD6endx62xgr9s9N,
QmPbWoabFgDBuVKWZh9goHvaT5YhxRdZjSBvQFJAiZqnSg,
QmR6K2LN7fTFNN8XHVZmEBzYF29aXSDfoTvDen7GjDJox7,
QmRFQ7kznKzGu6PYDrDEiTwfPudi4RroDgYMcR6KQAmkNU,
QmRdWj6hxv585h3KbVpbB47PcmNyRLqjjU9Jb5KpVTVwng,
Qmaw69JZEmVUNwkw9CxaqWu6DNjmEipv1BWmeL3iyLHfRF,
QmVufDrPFrgDEhpGXwhT8kFuHyH9odi7Y5TEKhttCjQ1S9,
Qmajn644NnJi9CR7FiiMK12gazv8U3EhSvpcR6c9CvhgHu,
QmdESN5reeHMY1NdYjqivWpHTDoBJ4YTL3BGcezdoro9xS,
Qmb7ynQomFQvzfb3QQHjtreAmBY4AKGit7CatEf3VZSbk3,
QmXS1CELDH5Xbn5KTtQrbrRkyhwmjfc24BLS6BSajUbj2m,
QmPSTzfx5ukBqcwe9yAbiAkkeXqHLLfTAUPBfBCUJDCQMe,
QmUgk5KLcpZLXVUJnVkoJCzYPAAzWDSx3gWK4ou32SuZQc,
QmX7iVCmN5kA7pwSHU8irAmknfuHDuBUb5BbvfiqPgFHwg,
QmX4JFpkkwS1tLSRXsZcnv3Bwqg6kCX6Goo9CZcuti6DB7,
QmfWw4yEmxZL4FcpjzenieX7MfRjmy7y7iGSqELBr4Zorr,
QmV18zZCLPjS1gfcbrrmP6zP17nENTjn63mb62P933TMmS,
QmNwB44UY7TmCdNS4DeSW8KtPG9gv8UfeZTfHpYdzoMp9c,
QmXa8GnQN8dwHQMY1RYaJChbrZTmPjhUYkXL4GWmGASB4p,
QmPi6d8qFeyYqpDDDeeWUdTpn3ScUqquUMr2Usb4hHvAXk,
QmZu1DLobjeY7EV6qBV3zBkqu4nY28mhSTmLDEpA7iTCiB,
QmXLehX9WJWj9J74wHcUjYsdQQaFUQRbQ3p2rEzL2jLmaj,
QmXzbyVyfZB4hzHXpM22sv85WJd7BEAUVeSzBde6Sheppd,
QmYMDSkUMeL4qkwQUMP2657ktcbcKjXHf7S5pv9GtkSSiL,
QmRAbT5caJCGzTV4vhaoHw6MiaZnqqWGiQTNgqXp8VFZGy,
QmdauEyiUYruv3FFJRGrpMQFyXzcQgPuZtEKMPVHnzWDd4,
QmZkG14hABtDi5WpVSeYGzykGCrcTXP9FGmGQhS9Z8bbUD,
QmY5hkLf2rCLCSoq9gsHPzpk3k3zd5smUbtft191YzErJG,
QmanKBWRrLnQ2Erp3D2YYJp8WJXrT3VwViv1Qccjx8ixJa,
QmPPB9Fw5eEjMbAoBGYC68NE5heVVS2ueFokZow1ojZXGo,
QmRkdysgVX8sFyBG9sZXq1M7Eh3AwksNac6qV6RLy1M45w,
QmSsDBfHTMJh24HozHNduke658UrEskMJbTGKojrX7FV74,
QmZa1ZMayEeza6NiEi6G3yLkrMLGLtjvzjomFd1cKDBUx4,
QmbzjqWFBX5Qc5SHYsS7sXVgU2B2FvXBoqsQJkKzRueJxr,
QmSF9c64hfQEDzqu4MV8ZadcoJZ4UxUjncwuLJgsUgmsVG,
QmT74EZ6pesxBKYK4vjS3ZDKQ4SGKpAEzmBvJcmjpB97QP,
QmcbJrrtWxAaMHYqe1Q5szEfyWUxhE67qTBefXajZuQEYN,
QmRJtzTwjo4R3V4iSmebaKHqSsNdVm1FGbk3WeZDkcCXr3,
QmWYTQmxDiXxWFCopNu8m5yXBxfVa2prABTsuBnvud1uZX,
QmSUajxvvcyZ7wBatsS8UNrci8zhvApwHQr2YQ8zqJ6WWA,
QmWZKsRwF6EnGLG62ckNPu8BSDKMYW9vxpuXdr74Mrikxw,
QmdGj1uH3qUuJ4Y6CSQNmZGAUXhKQzW5N5LHer7qWw7RUk,
QmWQyq2uvLwYd49sPC851YEMvVKbmDvFRUVCDSauiFbud4,
QmdnYeTYgGPov2H5bSr6kSEXk2fE8nEX1x9Nr2Sgw9FVTz,
QmStqSEu33KbrDYNM9knFuqxxMuQd9ASgTgHW9EUzkv2WZ,
QmeyTKWGCKW7WDVHhEVJNEzDoDnQZcdQSXmVF1vxmArdeM,
QmWamgwrMaMrgsyFGm8sT8RTKLwhvQ7hJM2cpz2snfi6bq,
QmV2niTMKhvvuTVjQsfeKezkfnh2try3PzJusYuFJPfQmJ,
QmeLMKotejuMmspooM7FdxFpqzETFcYwnPPS8Z2qiXgau5,
Qmbmb4d4Zk63A3mJxHgMrjHt6Le96e8fLb6znEBtqcXWRV,
QmVvDgXWvf2DFiw5UxgzskpQDXpQNtrtL2TBM6eqsY7cEd,
QmeP2CtxuAFbp7c9CRbbonRtQUoLwFEersj1LrRMFfKTUz,
QmUG3rE3YZdF8bHi6E25RLeiEgPSX3daV7uCwaa5dXVF3v,
QmWSWz7czoK6A84k41NLEoukfWa6d93Bnq65wv8YxZ3qJf,
QmfGZmNDj6k2KQfk4XHLNjx4tAhtLXRFWvNytyza4b1vPF,
QmcYofWGVyW11yc1BCKb97JQ2TBqCjiRxtyU5WZKPJHozD,
QmfJnYFfrfgCy4zmZP5WcdgExUydNMwhCeAomHJFhCYfPi,
QmNzZw86Tehp2CovRzL97S212xiFkx2zeUtMMHSaUR1id8,
QmdDJkCJbWnRnAxfNw884xL3uK6QyBRZdmckVcjaHKV6ZC,
QmRPLfHg9j7qLovUSFk4yp5w2ZX9mMYH245mRgeAdAdgeS,
QmS5mVLFdnV1X7xov1e7RRtx9syp3iXvg57psKF5yjwRp6,
QmTQEYHuB2Tn66bZ413xC9V1xA2uGDJcePmmmYeLFpyxMi,
QmX5CkvfMcQU142nYfxYJKheF5m1RePWawuzjByR9V6MhA,
QmRno95xPrKHjCTYocdjW2rrwKnnvqs4bZA22TtAYWfPdG,
QmapD2bE8SDTRAn7hJLN3oAb3ynDRHYSv1Q3LSjRvseSq1,
QmS7au6a3G5L2ke1yMXMKNpnGipM5DJ6HxxnHQDNka2KTt,
QmbAPLUxqw978EdALGts7QG1V3RaNE57YN6TxuH1uT79Hm,
QmScaHB693y8EFUnziVH4snKF9NULx9G29uybNn45iyF4Y,
QmYs2msdtPTmbXpy8Z9YffaEDLhM4nb1Tof5ifL8Z1hqSv,
QmbBHd3YSBdDhmrKbrc53PJUBKKZskHYo7oojasixq81d3,
Qmc4df5byxuXaAxMeCvz32MEHt5K2yZXey7nG6zh7yUUew,
QmSwBKZEQtRF5JdCTG69MufYt59uAJcbpHJopVpFh67xhJ,
QmT8JbCJQydVFhKCEaaz7Ftj3g1Dyx5RgcvRDmcrNjYLWw,
QmVnTQpcNXYFFZYrizu2D9oGTCYnoFTazRwXwV2BxSKEHG,
QmdUptZDC6sbwVdYZMmWQcrdpJWNNYuZ7CPMQRXUqz5WXa,
QmajFokpKaCoY55oWBBy4hPPzvyGuHTPJ1nk8skfFQj8rq,
QmWu21YJRV6unQPvLynRomUYr97nng66L2sem7aiYspZwT,
QmUpUZtexDo4XWSLWS55vkWvGPL51i9nFX8N7EiqSenpEV,
QmYg56GqhkYQnUKEFUrhCTsdB8pqbSWPBgEtdZBj9xj3wc,
QmYMx6JrehJw7eR5Y16ydziFcfdzLCjJqygwmjJQsZ8k4E,
QmXS7QC71rjN5GYxsGG1kA8npMScZAT7ZM7zkthRF5dRaq,
QmZ43e9TzMy2isob4XYX6yV1uMQGhMjxDJQ5AXZnze9Dxs,
QmV7zC4dN76LxhXxKng6PvJ5uWrCZAzLgTivScoK8Nz3UD,
Qmeg8VoChG259w3g68iHAts9RwZ14LSWJVysF6iiavWiDo,
QmQ435B8qnfBW5AwBXRkwi17ET9xie7YgUybt9FvLSJJdv,
QmYwcn4DNtXRkZWCfsTdNpL2fbqUoXhGfHsnkQzY1Sfq3m,
QmeyQLYXKmA4F2K5hYQaLob1vQn5uDH9Qf9R2Jh55hia2e,
QmWYLf3YHWvpthGFGyjM2vBbBVrmDpkKBfUSXwwicNwhRX,
QmVVhLM4YyywiPxAyAHcLQ1ersvmQ5oBht5XtNg96HKC6s,
Qmb8bJuu4YH2DiQnghnVQFJzuRLmgAVnaiufDwXsWCoxg6,
QmSVceW9zquePBu5RVEGjjqXukYoWjRVoeJmkwKE4toyiX,
QmbtsZw3DrJvwRKm8BFsUMFmn3ZFJWVwJXbueP7a3HtcBu,
QmWzWQ8bmC3zEbc14LLVCrEnNmFXysfsgsuFEWLjLQsF3F,
QmQ4ughAcUBLH7RYaZwNquMC1xJFDjJ9DPo1NLsBWnZPkr,
QmNR7fx3Zh7YgvGrwRrjqdtT5JY8gEsQkwBwVxpVJ5Z3CG,
QmNXv4K6yrcYQhxB7HMvtU8TPYe6jyV3DKZZfYTQrFkws7,
QmQ6PFavsrh2dcFzRKA3avsjDsgGAaE95NNzZLLwjYgWnT,
QmeJ162FQD4M3JKqw7qaTB1Y5NA5uvMmmH5Q8WH9bfpoby,
QmRs2guR87jbzuZqDgtV4h7xz7gbvKszxh6KUAGd7xoU2e,
QmatXJKkto5Jwudy7i4CUnga7xfpD1Q9FB8c4sZqCJbo2u,
QmYzwpRXEUfAj8mAej3tYNuigC82n1Rx4BxYPCRBJkY9uW,
QmV3CEkL3SZpzJNyUNsnGZVDoPAhMhBqAEL3itZsezNbNC,
QmZfwV5KbfThehEABbeKwghg4X5RPUT8eTEbXM1wtsFeXY,
QmfVR2rwdiV1PihwubK4uttW3CwPxnggkcvvuxDKLjgptX,
Qmc6gz1hPGZtyt5Bm2uA77XQ5z98ULR25ZtEs2818Ryn6H,
QmZfv3TRWgqGNa5VBg79GKeyfUsxCz5MauzN45dkGBkduv,
QmZagyCvaApteSFYN8DQrU7MMzpw81rrkov1b2BQu8B8fb,
QmW17bB2SRFjdYeQeTUdWyxXdVF8ARes9EfBPFsSR5bjpc,
QmP27Ej9s5RwMmQtrys6pNhwe6CMSE5rat6ym8FQEn42qH,
QmNx2XNsdsfeenfcvvkJMgS9JmDYLe2oomnuhXKG4g3hLV,
QmciQJpmmLN7E7oJZ2dmY5FuUqANh1FHbUUQYs7ZREasrp,
Qmar1bmK62nzXwRwAoZaWCqTbZNVgQfBKz8AqKAg2VDVGa,
QmVXSDaqHW9Rx7mv7Viece2sBLJgUreNE8WBbBY9idt1HB,
QmXApqJXb3g2hKsZcaTLFCzJ4zwgij2z5cnSUDQxicJ16Z,
QmfJxjkrBQeRtxRXneT7cq9Rp9egZJXTJucgyEfNS5hD6K,
QmPkqLyMRGfCudS2m9y3smQmuFu1tp2KomgLQj6pfNVQrW,
QmWFqS3XFGZWnscKEBt76wgDQGNQKgpoof5vPe7uiLNeH2,
QmdfUdK5TXhoKsodPoa4FY1PRzSMxCo83sqSuiSf5KoCy4,
QmWCiDnWSBu3GVBy7sznMjMZjbm1q6nb351ikY1FvqjfwM,
QmZoxMw8ZXk2LE8P7FF12fzKi6DjCq6vNEYTyNoadn15Bw,
QmRZHnh96H9L5aQfjVAnoDczccRaRoEaoSiXEhschRucQh,
QmPzgg91PvP8sSSDu48f1nzvPKK1YeKgFrskHggVFwES24,
QmX2tH7LArBYvv8XRwkBEtd1DLFNeyWnwLdGisX9P74PkG,
QmehSNPcCmgT443ySYxfhAPAiuo6iPuQptfnEPYNHWUsVn,
QmYFe1sN3wNrF448Y8NMfFdc4nBuameMXaQxDeC5Uj8Xv4,
QmU2PHkfFBn6SdREJwQwJduMWkJpWicQEnimU3P6MK68Q1,
QmWJStS6Lfva7Gfc5i5YoFXa6ZG9bmvgHUXtg2Q67zyjNF,
QmPKnoJharG3SeNmG8iut9XQQUpVA1ijnW334CbLALkzFi,
Qmbp1YpMhWTBo5qhGi7q7u6ZfCdLeaL7s6WYyJ3AqQQ25W,
QmS5WtPG5XR7vMGLhyj76QKK6rUj9QdKPPLmCTQQxwjawV,
QmRbcjsBzqufm36Kt6A2mhruzvrvqxcmEMkQWVYEbyD6Br,
QmYNUvZfrBFmVAMYe4UHm229WvuNV5gpj2EpcZXmXzsPro,
QmYDEPFLfhCvVfpm5JnLwabbDKCTWq4oHEXDae3fFojjP6,
QmVTvsmXdFgU588Q9YYaMkYa3mQYJoiwKRUh7qMSDcuQka,
QmWQQKMBxTRMpmt1DwapR9gZjzQgbMg3bvfQZBZc65XBhz,
QmbB1CbKtqQ8BbjkQoFqZPdRG37yWTukMZyrr453WbFYZG,
QmPVkoXtvRzatnfzAXmGtBJLGy22iTJYo254HY7zjC8nrz,
QmUmPTmZPiFpxfmfoVf4cpCKAFGc6AGSeWM8bkvxA5AXY5,
QmemkDSPe49cGQHnmdZMrvF3ZX4VhivNKxfBPMgq5QQBRy,
QmbogbbDmkmWqfd9oWfBirLr6c9g8naNNEYt449ygrCcrH,
QmYXvCMsEK3j2MbT6EPRJzgubrjBpiCSnKjsgTjPw77848,
Qma6DwkAM2SxAU7zuqwM2uTq5YyNKsrPCKY9FTBBrjSGrD,
QmajSUj5SaCUbHVtfynPGrv4pehQ1Pkp3LgCemA7BA1auF,
Qma8L7iwznBdwrvfCKWshZgmzzfWakSpa7fvugPRjnEfYM,
Qmc4DoewbjbTR58qAYByC7wcH3mUhBsU81fGcZnkP7XyrV,
QmbBqRCZgtehxibPsGgwNwGs1u8sqvkHv7fCvsxC9SZwb5,
QmeBMnwpyQKNEuGVyxZUYVhhLij2BRAQLL36uUfQPPBGLy,
QmeTR2A57HY4r9EPioQHGgAVryNKPUmEi1EDu3FtqLYkEf,
Qmbo8viBfWtYXKXcva6UUB2AwQx1AsJS7WRDExJJkU7mhX,
QmScJYQVww2XSFqxBp3HCecmpj2H2rz9Tphdwy9LQSwBHd,
QmetFx9Z5xqHsJaGYqqNkcjPAy3pSadPPeSBzsY9T2tdKm,
QmZAdvNnYGS7YUhGMknmShqMMkFKQDTkgmbkBPpnM6CWRx,
Qmf3vf8LJHuxWEx7KdPsjcSNrYjJBovRucyGDyUnDL3Hxz,
QmRdGZt6vzCu8pkQiJ4wttXjZsN4tWVWohxCC29ATeCoEG,
Qmb6UHwc5RRgJbqrE9iMJWj5QxAkijonnrgbvEPF1RoWXD,
QmRgCCb6UPWmdhBbcwmawYfJ8iXZ2c6sDpVnmVmd6v6wY9,
QmcKvFhx5YLKS3bEKFTjFRtk1rS4bYSWoBNW9iuBxsti7N,
QmQjNr7yUBkmQP1PRT1UDtStZj7S9oNfV6GCUL32KKYYhf,
QmSDbxsEU87Qz7F7pM2mj7DLvznxa2x6o2ALtnBFNN7ykR,
QmW9p2WaLZe7HkccbuKWYva8z5wn3PLKVseYeXyZ8LE7Tx,
QmSmkaNo3SwgkKpPAntVHMLvFZ8UBLxardGKzchTkbD2qX,
QmREhGYVpnf7icJpfxffTJVcfiDU51puZzZLqoVsFq5Pu9,
QmcNCXg8FhVGCDHSHGphTR78ncZw7h8cyW9iT8nNhx7wPF,
QmW6ypJx6XFYDo5FxkfQo4DXekJ1niCoANzxQoJ94XvpJt,
QmQyJR6pyR9suWKCfQBuU1TLPnvwkrbfo26G7cwpLWC92P,
QmRBvxHNMvQ3XA8AqkLMSTMXkVC8GRptDVwPmk47ETrQRi,
QmSjyqQJ2b24WEjpgzP5QzQCYrhDS2VoRZRehighf2y4bg,
QmTge9CSZfEeRsqy2tut2msxEXRn2mq2cmbUHXYVuvBC2h,
QmXdAUzQHsasHNFk5gPxSUmxxxsBiKNeMzokXbBWM3pnyP,
QmPGcfJDECxBYPuwq4h8paYNdChrqfaQfQaJqoxXpU74Mx,
QmUqyN23hKnGB1CyDwstw4mewAxqreCpGydEEdmBgXXMEu,
QmeGj4WncoHExe66sTDiRB9DHdxFXznN3Jt2Gzo7PHoqc8,
QmW85b3qvGyQWxAXbq4YyhaxK9ctiCTZP1KWTV3nGS8wg3,
QmNp3dExxvPGD5xsMkGj1aPDba4zeNCAcFpUiqx1gYm1hs,
QmdEjEAtvy4d3faJhUhMH8pks747NjpJxsVhqjy8jwGam6,
QmXkxsCXMwWwGHN5BuW6FY4LAqLvb7o2JSMdUp6irgL9wX,
QmYddbqBYgM6LrKKQfpAhTpPzE8qaJW1CpHdkjP35kCqoZ,
Qmbuk1sEwVeT4gmHz8D8K8hun6A75teJyw2WFWAqDXKRo9,
QmYGS5Hu3bvUNfK5Q4E6oXBxKuUHBAvD7Gqiq9AgnVhHJh,
QmUwqDS9XWkHnAhyVSKJY5DsdspCejffRUUTmR7P5TZYvk,
QmcJ2twKVhtXEiafqrYCfAC5fQt1afZ4HboPAUX8Zf3wUe,
QmTXxm4T4Vb5ExUBXjt5RrQ6FySiFtRZhgniRn7pG73mZe,
QmS1wZrZmg2DAPHRbNSgYNsm4AFcEnMthdfZFDTh8BcjVP,
QmaHqE1jbMFMJ5YJApMqjivk9ysMj3ZJALMWHeRjWxn8YL,
QmSGVmwV6xDXreNrxyQRKgUsZcPMkeJ5oE1fucC1eRvfgh,
QmbfFfEVWve3itrxZxCjwScn2c1GSzznfy71TSgMF2jZtZ,
QmaT4yfLKTXJTC1KgynYSi3URkUeTcCxHRpyaH6TQKzCjF,
Qmbw4eET2ua4Qt6VtiXH5FVKZ33XSDaphYdaRMLC4wckSk,
QmWXpZbz7MK9o8o3pZ4gCHd5dBJhbCHBFA51JDQyiJZT1Z,
QmZBnSaFik6Sh5kYYMBUicfwD5GwS83Tt9xsuFswuYpbTs,
QmW32ofGMCkmJyjBwUhiJpgt7q9eepTFaT6QGwgAjejsnZ,
QmTjfc7ULEABbSFgQgTii5c46wQx4hRoBN71fkUzhkvTpC,
QmXd56iMgudtGWmhxLAU9W7EBQh5g6aPypDp8cGebmsxDR,
QmdeE1FYAYY7r8xaebSdUd3g6viF5FCzGYFNjfgAKnybui,
QmQFNyQCEqNhv7MSLe8kVqatRxAP9VacwenrNzm3zeBcfU,
QmXXdHMtR158aD5QWyNi3vz1s2URuZKGbGAUzJTu2n6pLt,
QmS14K2gaycaVXTjDBvZci8VuzCSwkdUnDUyKX5qJgoJ9p,
QmcafrJ9m5eXSTnY5mxywLSRyQpYBj7zqLSyUwPXGjdGJ9,
QmVphasJrHDFxTQcBAZmHbmgfSZpZ6ZNLBmky78d2yy9dr,
QmQ6AExuMRcJJRvgyYxSCUdUMQhbu93Abv4L5VHfhis8DX,
QmSbSfgfhr1xC4PJXZR7XqcC6eMZ4jW2mYMQw2EmsNzYHU,
QmSV7sjtz1YGa5Wy37NERTjyWhvWG367wTW8hR6akDwF7U,
QmUtLtTL2Rrta9stRoHGUsUvJxJPk8u1uC6PJzX5n2dcsj,
QmdTt2BwgHjXUTSfb7kKKxUskqCsdaTnGbAY6MXVFwWZ8z,
QmebqzGDfDf2kcQEMDsDUU1UhykabHXAYz8KaQLxdYAbHT,
QmVp7JjaWUByLszWLrYwu8AkFSne6uYMwJs8ZCmRaYsxY4,
Qmdc3ZzfC5WQ1NBiPEaUxg45j9QipteziZnjm5r6F2pokb,
QmSMxKa1Qnwc8toPZnYgPtquGyPtwBkfxMHNfr8iJx8W31,
QmeEiadN8n2R4A6BVmKabebvSY3WVbU9Lg4QRUTV84N8vm,
QmdLL3b67b6Ls3B4nd6W9zAmeSJgTAh92gZPtbZUckXwaH,
Qmf4Qvx1eT7cZhjhRKJhxX5ndUP9MRM6PUiLMyMW6sfYFw,
QmWo2kkVjxRXjtV6Zrg479dgV7tVGPhvxGE8EAzBZD8R1E,
QmU2S3Jkbm8NPpAbmDRaJMQuz73VuT8EdBRrCHuqgKUfQ2,
QmRh9AqoQzVgh9FVDHGnJTf5RkWtYL8mZ9QDh3aiYCxA52,
QmaWwBjczYZmLxgdbuuZa3tbood1XnMSzoXj1Ym6fr1z7n,
QmTFmBcXQ3C57QTeWVCXjXy9jpLFKFCCGHcBbKewWTxkyF,
QmfYortXcB6nWiVwSrKT2gLX2Qam8zJwAFjeGZkrH3bXPA,
QmYdvvtkSdo6VrLddUm6yPGbnZ8gUKyUQJUNaEb43FnVw5,
QmTtxXa7ZM8gRWfbhTEedGTfortd19fAsGHTPBW2JwR3Si,
QmbsD1YPT1E9NN4uM8inN1hW2F8nsUAVCcEqRzYtyzbLKb,
QmSzahjv2CoHjm88JWbjxZrWhkY5Len4UKvvtYi1nCDpgs,
QmbB1QD7MHgELEpxL5fn5sM8GEY5q1uRAkKk4SiuASvC7x,
QmNfGgchwRMLX2jsXBaBMPNzDwr2saPccMKKAsQHoBdw26,
QmbW8tuks6cyy6H2bbX5cjggo8MPCjGj44e3fkmRQrbYDF,
QmUAaeqRiC71horXgabxgGiyTBB7T5HQEU4ta8AdNcYPj2,
QmQFBgJjqPKdbGTLLeyQ5TzDcLLALDvRuRk5ohTBh2jrgR,
QmUP27whytwsBJQsuQksE9KXAYu2JkDfwfBy7Krb3SGtBD,
QmdfxJ4oo38NuxwbA2k3GJiWvQKFoGLhqLXH2M6R7jiZVs,
QmYmu6EXwP5qz8spZPZqSf9anRvdvPgDAsgJVRiNJmWJk8,
Qmf23JktyxcdiHte1Ns6SDc9TogKXxwZxjJZr2FqoNZVLJ,
QmTagas557W7W3vXHidppxi6XGLV8vURXkwwtvEmySuEBk,
QmZuhYhF8NNKETZaKENHsKrXfqLPnHh1dKnbccBf4Crdxn,
Qmdv6gomgSVmCjofAJRrrkC19iA4TSCpC1pyTksgXtLToC,
QmRoTo4E1digiXh9XxZnNKYU2GLMiH7EGwmEjMRLMR12wD,
QmcXekiHRanXYDqQAuNXLeuWUCDGWdtXHi6YLPmBt2dGAM,
QmQbV4TXFGkcuVvNMbU8uUDpdWQzCHcBMJXRhxDSpMwC7e,
QmYqo8speFxWd25PJ1KjvxeaUWQykpQSxkJnoUYxG21kgj,
QmRCfvuEuwtqTQhRh6KDU77ntWFXgAXGEDvF22uW8FXiRg,
QmXnFFB8vwx3NH9cB9txRxvP4yHcWisapvsjqonFiijoD2,
QmV8RK736gusdTgoXBwc7nKJdkSRLsDkXoB3fnMk1E29a7,
QmcFjzTcmoAgdEcYnqCWLJuW1QbGqQQDRVYGNFV3jreja4,
QmSmKABkQMT6XJVNn7y4eYLLF6HHe9Kgcm97THsWH45DeM,
QmRyGwM8LmKnbZe5SLiZozC3iqBuCFxux9j6B8PhsqP9hd,
QmayngCKzeGg6kfjvaJDHv6j48EXYi6Q2bHEceJJ3ioYi8,
QmXKRn43kxiMb5iS1WoYT2CAcwTTHaot5z4cWrRJvjK8BJ,
QmVT6kcNrDhodbesmWK7AEMQj3ep4NLpecNhy16sZvM9n8,
Qme4YMkd9niYTkk6kWdCmXQWMEKXDhB9XhDczFgHCE9DqN,
QmUFQ2Fgh7YDjYZ6eha4G18dkowoC5vftt68MSdgpWKQ4M,
QmVSinpMuBSNHKjaffJqgiL1bww2m4bNVS8XAaF7RD7fgB,
QmTx7Zz2SqhVpVdCTdcDriudHUuUYKzmgk3MxGEEEZ4mVp,
Qma7Xy9osfb12unjJ9URNzsxyTmLk7fAp4BWfSCs9BkNne,
QmSHZWqbETUzaHTcMKTAhAXmFqWTheB76AA9CfYU26vGmW,
QmaYGeeWtmSeaZs6Trm1A9jmkDH8rVD7KYw96jxM8Nh2hG,
QmQ9i6KXdgwL1nZzdVwY9u5gM9xV6WEdjtLRHm8ZBueRSH,
QmPAyBaYu8jdgSQZakkAbudMi57SQByXcyvS8urfHtL2ES,
QmTViUbrtopHDnGwYiGyKZy34fwQmdFTdgP55Kh3vxqNip,
QmRgMLhtrEmaiSJKFG5AFZ3KnpVVDAYTFmJe3i16WzdJtX,
QmQDmoZCFYtUYW5gh6UkX41BafBCr4EGdwpgpPKDfzVn4r,
QmQ5vSRgTbHi2qCJGxkgkKCvTswBAxJ6rjVSNAxgQK81VQ,
QmfLvdK7khJU82EQcSJeZuRUc5Xcp5YwoRSh4BUnmwtxDT,
QmbYUyrmJsBybYB28TDwXCP9BcePqFGyQjmNjNgyoVUZHt,
QmShfLfher9qtvwf3r3ZEFcpMASapHoeGEHZihdTMt5TUp,
QmR5seFFzVFBZQcr8kJepGSte5mwGBtViZECHhXLbAke4A,
QmSvVfScCXD6DSJQDUoXAiSBriENL85SUScw8x3icmaGcw,
Qme4YLoaZqwQE81BY6pBSH5ifVYDnwwZ6PCMFJtW7Ag7wT,
QmVgfMKtm1q7VnABRdQzCb6sbGYiG1hRwtbYLfGiHG3xEE,
QmXRnutNkpdxbixQTUUijkiLB1Vk5khky3bon8rGzCMcKS,
QmVYc2B1JUb7Fm3F72zF5R54eJKy1FMp3FsvTmY7nzqSta,
QmTHF9mgJEUo3BeKpXno3ZtCExuPpNuL7eruxiiXYkVG4A,
QmUBkTZigesnkwkzJ4KenmaALD7o16fJWVXE6PVBUzqHz6,
QmcWYvGbiLNxPRJHK8v2dbC4nhcAttSkBm2MtK54TSU5cv,
QmT5GtekwXhhkB7jd9PBtQEuThYrutuwBVTbQApV13b3MZ,
QmUjbr7znYpdbVGHFAGU999tvLRAWE4US8b9coRt3j1g6Z,
QmTU1UtQBbvWhi8w8Uo2gfcVmTUPzvDBXtjA5ZPsoJUT1f,
QmRdUoPznJJ4Mo6iPfWG4CbgWwoK4AHfhumBvqqTdzvs11,
QmfNj8ysZtxMGbQ1YTwGMEMFDC5phDPhmyN6wpqPZH3JRB,
QmNbWBZn53dyd4WocwcwPLfU7VSupPV1fiPxBXNKcTPkXA,
Qmbf84ZoiEp79FA18dvje5cgymWSJM9VqBQcKnwc6k7Q8N,
QmW49ZdpaJYwy4cBALrsspQZzJS1VGSKnu3ZxyoPopzFif,
QmRRTHJvob1H55UGRw4cBZiUxwpzW16uoM2wW9BxEDH7y1,
QmNdJAVhdJRJzcA7Bfw8H76Nb4eNUmJNm56H3NJnUxFxWQ,
Qma1bztpqwFm7wW1mG2HBcFa36mSVfoj7niEoGYWek4fZY,
QmYu4CsPMNNMH1ACeNQnaenkUsAg2csUHpPPyMQU8JEjBz,
QmSk4t135EDNqcijeWKsMmVWQz4Ygmxt4YSXRU7FPjs4uW,
Qmbqp1eMUAm32kefPhaBUKXrncwxtCui3jQMgusDvrUM6B,
QmPnXaXnmfwz6YSz83VpTx6H3MG69BRULNQjistnGdiUcS,
QmXavkbGf4BBXEkVNtfo6iprVJSDnTo2e4dFH38BBfT6eP,
QmcYXhJcKo1DaikSnLnNw7BVzyaoZTes9fWx4cUfBSj2F4,
QmeJ5y2Kqpet15UwYcjB3XjLadxLsGuxtN5bFgetfvtDMr,
QmUM8tLdC747oxkgzf5aJQXV53GwsP3dZjuBKNDWtxugWB,
QmfGCizAcEvKwSnACYP1xXJs1HBbXFmUH4J6ryXgugLbSG,
QmaWUZ7pinfUn1ZZuQbNdrynEktG2ErRAAJFWqjV9EDLzu,
QmWJoPK8A6kzaCSw7J1YDvod8CbP8fbuuhTeQqdqahwuqb,
QmPEFRNcwj4bApMPxUYVipxkcbB2QRuxzudrN1DeK99GFP,
QmTR4GdTcAeRAtLC7jfFw1t1XJytEtb5UiFszbomGBcwcr,
QmPD94w45jRcGhQ2oWHjMdHaUjKo6S3ToGKnhCyaRKPnnv,
QmbYUhd1qy26PABziSkx6Yfd892jxBpXMkKJ6sDUYWH9V3,
QmVJE4hG7SkvaCvZxoQfzc6yXSvse6xpfTo6TgyrrEqrgm,
QmddEgSzrAHMu8mtV6S7B8vysYz9A4cqddDRoMbzjMAdum,
Qmctx3xATGfrMdaLjqEHQGDvovs3GmvQMacVL3ypLW662N,
QmYdf4K4ZjtGnMtoQB2GPUCWvncYZBHg3NC7uhsjwn9brq,
QmaCnfqNBUEMkj4EqSMBJqEm2vB3QeXiUCBujMP8f8afbp,
QmfMw4DGWEZZArJQPhriCtDpbbbxmEwoDviqkbkrK6dxJT,
Qmez1PLPc1weXSLL3svv1drzWMzGgTwLS4VKfsMk1dm5km,
QmWtfSdJ84oTQ5YUATCVCKHyhqyBx2wd2SFfaHN84ossXe,
QmTYVCpGYxqezf4xYBE7mmDSBY8ywZPrwjGpbHfpzoS6Wa,
QmeQFCZjhFpis1xLucmzqgY56g8WYZy5hueNBd3vjHXkmu,
QmQgiH9SYw8EiXZGBqRx5DUsH9dN3TcDmMkuBVHMN9R2ob,
QmUFFGZHSDTQF2qydynSrVN7cBi64GDkAkt26qDuBHq5gk,
QmTK8MzzSr7kMNFRtpbvnKEYBDjfiVVAj5TyHLT6ntBkGk,
Qmd2UQtosxasjJUypfpGrqH4SiujHPjMSBSew4bXVyj9jW,
QmQjGnHYgK25TwCVFvZaVtYpbUmJ5tvrRbVP7YxiUwMd4X,
QmRmG78TdWhhdLwvcx6BHqwqKcQfVLumaWjgDxZaDfUPAx,
QmbuPpUgN2PRt8h1VpUyxUCRtbDJgJ5VD6cNoNtj2QhAgD,
QmXYgvK1xzxUg1SZrzki3fFUkbQHss9BNca9MwLzF6KXY7,
QmfXNLBHfSniKzYAKMKwCYw8Z48Tc9wLSjwLFqedCbXYUv,
Qma9QTnvmTYUEgMJgRyZf11fGkLuh2WYKvLAuC8y92ynKW,
QmcgnQhd9VHB1Ycorg9khWsKJw99GXg7RWqo8HXsBNJVdN,
QmeNF4SL43FSCzGyco5GEqebo9GNSndQg8rbGuJt6wZD5r,
QmWYoyXP9ugLqWUr5xS3tsJFx1x8rr7KzvCJxQ7RMBuyQ3,
QmU8GEt2KwdSjZyT4xb4rKHiWCoGJzS1WNT8ix4nQNiHcJ,
QmURZuSAXYoNC8WsDxpiR8jtQzn9XpYZUrMmTbgDzjm4dK,
QmZFMjE7vL1yuJ5j3UsNwwkb3J7LVjRHczyzFpRvYXQxf4,
QmUPSesYYWj9dEk2husMSCjWV395wSJRSktidTPq87v8tR,
QmRswcmgMUkzLhMtKnD9i13NjFB7jhiAsE7NoNwQMVfR64,
QmTJMJQubfTevFo3gYEZFRpbxeRSrY7udV3X1wkC1j4VBw,
QmcwotWQJQ3UJSwrVdDAXt2ZfE6VTRQUagSGjv1qbji6j6,
QmR8fFWYqLiyf8eoKZA5VmiKmsx5nKNMb8nzf7zuRA7Cec,
QmbG21Evmqc9DVmgyq4DUQfu8v7yWAVYJ3GbrFR3X36xtq,
QmTqqacr5gee2U9vzZTwSxTXFQbPfgiPEfTVzvsZxepxGo,
QmdT6NW9wrsBwT87NueWs96iB7aQcprqLY4mhU7t4yBhMm,
QmY2Bi2xSMhZhXCLsarCW2hevoPwcfwGgLV43iRerbqTNd,
QmfGm8S4WJxByCc46BDBsLCkZ6zbX38hpwzMNvT8fugRMw,
Qmcoy5upLLWcLfDUiuC3zJpKsAGbPMW4gKQfify1dKNR6z,
QmaJ1Sa4JKqVwjx3HyJJVPY6WUfw3th7kKr1gKgW79Bk6H,
QmNfGvya37d7Djk8KuaXNMCHrhcu42nhvhAcfHqAR8x5Ta,
QmNmAPx3ggxsTyKQ4feTwxo7hRxi2R9WK87Wkcfkdjdh1K,
QmT8hsU14AwT52Xv3gpXSB2QiKtQPGUtsg8aj8MZvhasAb,
QmdCX4SopeHdf4Fm9bAbCzy9QFYFLWmvdzVjCYQzqLjfDX,
QmXVkUsLBmvJkYU7E23Ezwhzkeckg2DKy7zwbo2GQezJYs,
QmdHnSUKRRpgW9xjDYgKqS8yinTy3hqNj5NjL8kzVoq9i2,
QmPKYsmyxiK1DBV1zXHLuc4DNuriwjrGFscYwTj7LDcwta,
QmcZVzMmGtk1Ghtsxp2qUvdrTCMrMHaUNfXSbjT85nRKsU,
QmWuVGbSBNGMRT1SenfovbPtABrWVyxUCJEnWcLxzk6eY7,
QmWL3fVAchK637UVXKFu7AfVxsMtiApp5MZKSh7BdqisLG,
QmUxJLpCbEJ4qAri9pyQpEh3ppgPrW8dfjhBg3kr3HMdzf,
QmT6STReqPybPjm5JE5gLS3n3nYB7X7wjVQp6PiCrL2meQ,
QmePwREFutYiB6Hf6UDWA8hKaLdiVwymcMzFQ1T3CcgAAf,
QmWuMnVbST6HzJU4ovmwoimUwrgUwsyzTw5cV7FYUGDbng,
QmSgu6tRBh12RWrCv2jABpwXKUusUfjseFgMXwsc8ki3wM,
QmUiTMRyDe7CcNvE3AZkLtkVDY1V6hSbT3bSZEauJZaftf,
QmZdMhQ9WgHwr1rNdKVRsaxZtuKHvy2YbtjUtupbYi6aG3,
QmUDBrG9qCnztRPcdVp1Q9xodJKCB7T3sNHB6YwgE3pFrm,
QmV8kfHPz6554mdiURLQpVWfJDFtQtG3KAXWmUSmgjK3FS,
QmTjsWr1EYyh6SACosDNAj4t64fPJswGQCk1DY7fnj5vBz,
QmXqqBpUsf7w92oHXh2iNNwtaQNyaR8wjHjh42Wz1YU53d,
QmY7cq7g5EmzURMQkuyo6tFBxm7Xbg5V1rruMvJFzsY9BU,
QmcbceG1Ry27qjBuSbFxb38nye86dPz38w8gXLykfyT8pC,
QmUkFtDh3CDfAMfw5q2Rxd3vt6edQezSgTYbjohJZTMMgS,
QmexUEtTAcr8rt8eUraP7TFthnM4YRgBnjdTX7LPJCyTfB,
QmdnEZfhycmQs5machrVEMtzQbABp1yjQxt3NFFgBKGquE,
QmP66yPPeCDKZF6Au3qUbg4zX8WvikaazmUr5hubJpCQXi,
QmSz6s4NcSRHADnso7R3j2sCigQkJkxnXGnhFhJJ127GGQ,
QmNeeJuUDxmEBQR1BCyLHHZxT3RiCpba4qj7h3a8tkTrjd,
QmWbF4xAsmkDqWGhN2rNz2e9PUdEqoDyrBRnucvcSMke4E,
QmcaCBsYcWZ9E2Sf16XY5xYYA7eM5wCMHv5Te9RgmZZjEz,
Qmc42Rfy33itQ6E8u7LmF8DG1AaadjrUfTZn2SqSqHDcdc,
QmeeJxrm7cdKpq8L64mK8XLjJmKy9a2sFHP4N2J2rfw2Ep,
QmPKfZ6XdjLRaWr7YazxFdLxYpnWMWwTzGHVxHgcja5cKe,
QmZpgVbXuu7QDQhfQDjEjyctGN6Pine1zUSEXY5Fz2Z5b5,
QmXUWRMsxYj3TrWsKPCcKgeTHKNaUBNdMQ3wrp9M2bWTcx,
QmceRP75fDH5Ewjf1khtnrfqGcTmWJqACzWDG6zZgeRYRQ,
QmRnT9Mp7tVXj9FNyvNHA3xnGCYXEcpgFFShRG1GX6wRfP,
QmYzmGD8KF7rxgFSexmhEo7TJ864CqqLKD5NqUKJrmLtSA,
QmR36MbVHfGi8LAUE8H7jRxKGzb3yKqnXNJe4XC5CSwVWL,
QmP4Qd3CcN3Wx1EDs3ybrZHK7ZjXs7DPACQxtPkpdxv1BR,
QmeTRZR6kXopgfE6NcAsy1MfQECFCVjPvS4fd8N1aovVzs,
QmfVuhzT996DnLFC1w6LDLiZzUDjqrxkfSsjNqgYNmPBdB,
QmcuWgspRGrMwv8tQz5BiCh4ddPPPc9YNdsdryiguyoGZ1,
QmRGHvXnrTBgEMf6Czo3fecyubCw1WP8ixtzQaukftP1gC,
QmRoQFJdNoH2a5nVvMTjrPHTZXz4oqPHson14r2kRxj5Hu,
QmXuKQPdqLZihTrgsVqPwd87zJTJS38vkit8gWQX8CXLeY,
QmWRcE69EYq9zR412dTa55gZm4cSMUSmSHXhB3BFbTW8XW,
QmYsMvrmgbhBJX5A5n3Trm9DQwLxgip9Ej8d2RC5Ks4Lvw,
QmPCQQhT4A8Q9KEwnLaqctv2Vp7dcQ8RJkvNpzD45rbJyF,
Qmd3cyk7Qbvtvr7FN64T5GNjkMdrZ3bhJq6tKFhR8YLpk1,
QmSCHKcjuHe9fFC1PmhyDPFyNK7vKziMGyNjVrFkNj4r2p,
QmWAaEXNnighNg1uZpUQ9i4nB8aWAwse36PrxpvWwCpZuk,
QmQeRvPryhpuNa7ie4bUwbjnxYVjdvsV7VhrSv1c8jddkC,
QmdyCp7ARe23m6MKHV1mqrtQu3Y7T1vwCXoZNTTqaxinPc,
QmYhTYYNovpo2w1Kpy69vBM5jj32TQJ3XYKzStM5dEeb53,
Qmde6fHwv6obtB6nQPskuroMHgCLuodkaNzSVE29jTdys5,
QmZYSgTEDUpBB9oKcoZ9VL9c1DhEZNhJXchME7ghiXWTs2,
QmXyX7HqV5MLfuA245wcbYzfcCNJt5UR5Hn1nmYmur3Fd1,
QmSH9vPipifguDDmemJ9sTUbGrWbL5idLPpLziTELDPa21,
QmXyo17ejSgevJepHSJDmt3YeZ6GUPq9W1DsGoMBfD9bkW,
QmNgAoriwSxs8dYAaRJv7csquxdqWiBJN8bhVbg9k3Rf7z,
QmWJLrziQ6WAH5DAUjcCjxtPzWVy3QZPb1pg4hHez7NoAx,
QmacjCSCSkoSK5t5EJaWDHP6a9NSpgXVPEFnDWuFbuNfKu,
QmY5ucK33TeVmyvTcNLzEjTSwh3nZLNR5atx6uNv9VNAY1,
QmPHfhj6VLTNudaCfMt3x7CAq2Je1igD6endx62xgr9s9N,
QmPbWoabFgDBuVKWZh9goHvaT5YhxRdZjSBvQFJAiZqnSg,
QmR6K2LN7fTFNN8XHVZmEBzYF29aXSDfoTvDen7GjDJox7,
QmRFQ7kznKzGu6PYDrDEiTwfPudi4RroDgYMcR6KQAmkNU,
QmRdWj6hxv585h3KbVpbB47PcmNyRLqjjU9Jb5KpVTVwng,
Qmaw69JZEmVUNwkw9CxaqWu6DNjmEipv1BWmeL3iyLHfRF,
QmVufDrPFrgDEhpGXwhT8kFuHyH9odi7Y5TEKhttCjQ1S9,
Qmajn644NnJi9CR7FiiMK12gazv8U3EhSvpcR6c9CvhgHu,
QmdESN5reeHMY1NdYjqivWpHTDoBJ4YTL3BGcezdoro9xS,
Qmb7ynQomFQvzfb3QQHjtreAmBY4AKGit7CatEf3VZSbk3,
QmXS1CELDH5Xbn5KTtQrbrRkyhwmjfc24BLS6BSajUbj2m,
QmPSTzfx5ukBqcwe9yAbiAkkeXqHLLfTAUPBfBCUJDCQMe,
QmUgk5KLcpZLXVUJnVkoJCzYPAAzWDSx3gWK4ou32SuZQc,
QmX7iVCmN5kA7pwSHU8irAmknfuHDuBUb5BbvfiqPgFHwg,
QmX4JFpkkwS1tLSRXsZcnv3Bwqg6kCX6Goo9CZcuti6DB7,
QmfWw4yEmxZL4FcpjzenieX7MfRjmy7y7iGSqELBr4Zorr,
QmV18zZCLPjS1gfcbrrmP6zP17nENTjn63mb62P933TMmS,
QmNwB44UY7TmCdNS4DeSW8KtPG9gv8UfeZTfHpYdzoMp9c,
QmXa8GnQN8dwHQMY1RYaJChbrZTmPjhUYkXL4GWmGASB4p,
QmPi6d8qFeyYqpDDDeeWUdTpn3ScUqquUMr2Usb4hHvAXk,
QmZu1DLobjeY7EV6qBV3zBkqu4nY28mhSTmLDEpA7iTCiB,
QmXLehX9WJWj9J74wHcUjYsdQQaFUQRbQ3p2rEzL2jLmaj,
QmXzbyVyfZB4hzHXpM22sv85WJd7BEAUVeSzBde6Sheppd,
QmYMDSkUMeL4qkwQUMP2657ktcbcKjXHf7S5pv9GtkSSiL,
QmRAbT5caJCGzTV4vhaoHw6MiaZnqqWGiQTNgqXp8VFZGy,
QmdauEyiUYruv3FFJRGrpMQFyXzcQgPuZtEKMPVHnzWDd4,
QmZkG14hABtDi5WpVSeYGzykGCrcTXP9FGmGQhS9Z8bbUD,
QmY5hkLf2rCLCSoq9gsHPzpk3k3zd5smUbtft191YzErJG,
QmanKBWRrLnQ2Erp3D2YYJp8WJXrT3VwViv1Qccjx8ixJa,
QmPPB9Fw5eEjMbAoBGYC68NE5heVVS2ueFokZow1ojZXGo,
QmRkdysgVX8sFyBG9sZXq1M7Eh3AwksNac6qV6RLy1M45w,
QmSsDBfHTMJh24HozHNduke658UrEskMJbTGKojrX7FV74,
QmZa1ZMayEeza6NiEi6G3yLkrMLGLtjvzjomFd1cKDBUx4,
QmbzjqWFBX5Qc5SHYsS7sXVgU2B2FvXBoqsQJkKzRueJxr,
QmSF9c64hfQEDzqu4MV8ZadcoJZ4UxUjncwuLJgsUgmsVG,
QmT74EZ6pesxBKYK4vjS3ZDKQ4SGKpAEzmBvJcmjpB97QP,
QmcbJrrtWxAaMHYqe1Q5szEfyWUxhE67qTBefXajZuQEYN,
QmRJtzTwjo4R3V4iSmebaKHqSsNdVm1FGbk3WeZDkcCXr3,
QmWYTQmxDiXxWFCopNu8m5yXBxfVa2prABTsuBnvud1uZX,
QmSUajxvvcyZ7wBatsS8UNrci8zhvApwHQr2YQ8zqJ6WWA,
QmWZKsRwF6EnGLG62ckNPu8BSDKMYW9vxpuXdr74Mrikxw,
QmdGj1uH3qUuJ4Y6CSQNmZGAUXhKQzW5N5LHer7qWw7RUk,
QmWQyq2uvLwYd49sPC851YEMvVKbmDvFRUVCDSauiFbud4,
QmdnYeTYgGPov2H5bSr6kSEXk2fE8nEX1x9Nr2Sgw9FVTz,
QmStqSEu33KbrDYNM9knFuqxxMuQd9ASgTgHW9EUzkv2WZ,
QmeyTKWGCKW7WDVHhEVJNEzDoDnQZcdQSXmVF1vxmArdeM,
QmWamgwrMaMrgsyFGm8sT8RTKLwhvQ7hJM2cpz2snfi6bq,
QmV2niTMKhvvuTVjQsfeKezkfnh2try3PzJusYuFJPfQmJ,
QmeLMKotejuMmspooM7FdxFpqzETFcYwnPPS8Z2qiXgau5,
Qmbmb4d4Zk63A3mJxHgMrjHt6Le96e8fLb6znEBtqcXWRV,
QmVvDgXWvf2DFiw5UxgzskpQDXpQNtrtL2TBM6eqsY7cEd,
QmeP2CtxuAFbp7c9CRbbonRtQUoLwFEersj1LrRMFfKTUz,
QmUG3rE3YZdF8bHi6E25RLeiEgPSX3daV7uCwaa5dXVF3v,
QmWSWz7czoK6A84k41NLEoukfWa6d93Bnq65wv8YxZ3qJf,
QmfGZmNDj6k2KQfk4XHLNjx4tAhtLXRFWvNytyza4b1vPF,
QmcYofWGVyW11yc1BCKb97JQ2TBqCjiRxtyU5WZKPJHozD,
QmfJnYFfrfgCy4zmZP5WcdgExUydNMwhCeAomHJFhCYfPi,
QmNzZw86Tehp2CovRzL97S212xiFkx2zeUtMMHSaUR1id8,
QmdDJkCJbWnRnAxfNw884xL3uK6QyBRZdmckVcjaHKV6ZC,
QmRPLfHg9j7qLovUSFk4yp5w2ZX9mMYH245mRgeAdAdgeS,
QmS5mVLFdnV1X7xov1e7RRtx9syp3iXvg57psKF5yjwRp6,
QmTQEYHuB2Tn66bZ413xC9V1xA2uGDJcePmmmYeLFpyxMi,
QmX5CkvfMcQU142nYfxYJKheF5m1RePWawuzjByR9V6MhA,
QmRno95xPrKHjCTYocdjW2rrwKnnvqs4bZA22TtAYWfPdG,
QmapD2bE8SDTRAn7hJLN3oAb3ynDRHYSv1Q3LSjRvseSq1,
QmS7au6a3G5L2ke1yMXMKNpnGipM5DJ6HxxnHQDNka2KTt,
QmbAPLUxqw978EdALGts7QG1V3RaNE57YN6TxuH1uT79Hm,
QmScaHB693y8EFUnziVH4snKF9NULx9G29uybNn45iyF4Y,
QmYs2msdtPTmbXpy8Z9YffaEDLhM4nb1Tof5ifL8Z1hqSv,
QmbBHd3YSBdDhmrKbrc53PJUBKKZskHYo7oojasixq81d3,
Qmc4df5byxuXaAxMeCvz32MEHt5K2yZXey7nG6zh7yUUew,
QmSwBKZEQtRF5JdCTG69MufYt59uAJcbpHJopVpFh67xhJ,
QmT8JbCJQydVFhKCEaaz7Ftj3g1Dyx5RgcvRDmcrNjYLWw,
QmVnTQpcNXYFFZYrizu2D9oGTCYnoFTazRwXwV2BxSKEHG,
QmdUptZDC6sbwVdYZMmWQcrdpJWNNYuZ7CPMQRXUqz5WXa,
QmajFokpKaCoY55oWBBy4hPPzvyGuHTPJ1nk8skfFQj8rq,
QmWu21YJRV6unQPvLynRomUYr97nng66L2sem7aiYspZwT,
QmUpUZtexDo4XWSLWS55vkWvGPL51i9nFX8N7EiqSenpEV,
QmYg56GqhkYQnUKEFUrhCTsdB8pqbSWPBgEtdZBj9xj3wc,
QmYMx6JrehJw7eR5Y16ydziFcfdzLCjJqygwmjJQsZ8k4E,
QmXS7QC71rjN5GYxsGG1kA8npMScZAT7ZM7zkthRF5dRaq,
QmZ43e9TzMy2isob4XYX6yV1uMQGhMjxDJQ5AXZnze9Dxs,
QmV7zC4dN76LxhXxKng6PvJ5uWrCZAzLgTivScoK8Nz3UD,
Qmeg8VoChG259w3g68iHAts9RwZ14LSWJVysF6iiavWiDo,
QmQ435B8qnfBW5AwBXRkwi17ET9xie7YgUybt9FvLSJJdv,
QmYwcn4DNtXRkZWCfsTdNpL2fbqUoXhGfHsnkQzY1Sfq3m,
QmeyQLYXKmA4F2K5hYQaLob1vQn5uDH9Qf9R2Jh55hia2e,
QmWYLf3YHWvpthGFGyjM2vBbBVrmDpkKBfUSXwwicNwhRX,
QmVVhLM4YyywiPxAyAHcLQ1ersvmQ5oBht5XtNg96HKC6s,
Qmb8bJuu4YH2DiQnghnVQFJzuRLmgAVnaiufDwXsWCoxg6,
QmSVceW9zquePBu5RVEGjjqXukYoWjRVoeJmkwKE4toyiX,
QmbtsZw3DrJvwRKm8BFsUMFmn3ZFJWVwJXbueP7a3HtcBu,
QmWzWQ8bmC3zEbc14LLVCrEnNmFXysfsgsuFEWLjLQsF3F,
QmQ4ughAcUBLH7RYaZwNquMC1xJFDjJ9DPo1NLsBWnZPkr,
QmNR7fx3Zh7YgvGrwRrjqdtT5JY8gEsQkwBwVxpVJ5Z3CG,
QmNXv4K6yrcYQhxB7HMvtU8TPYe6jyV3DKZZfYTQrFkws7,
QmQ6PFavsrh2dcFzRKA3avsjDsgGAaE95NNzZLLwjYgWnT,
QmeJ162FQD4M3JKqw7qaTB1Y5NA5uvMmmH5Q8WH9bfpoby,
QmRs2guR87jbzuZqDgtV4h7xz7gbvKszxh6KUAGd7xoU2e,
QmatXJKkto5Jwudy7i4CUnga7xfpD1Q9FB8c4sZqCJbo2u,
QmYzwpRXEUfAj8mAej3tYNuigC82n1Rx4BxYPCRBJkY9uW,
QmV3CEkL3SZpzJNyUNsnGZVDoPAhMhBqAEL3itZsezNbNC,
QmZfwV5KbfThehEABbeKwghg4X5RPUT8eTEbXM1wtsFeXY,
QmfVR2rwdiV1PihwubK4uttW3CwPxnggkcvvuxDKLjgptX,
Qmc6gz1hPGZtyt5Bm2uA77XQ5z98ULR25ZtEs2818Ryn6H,
QmZfv3TRWgqGNa5VBg79GKeyfUsxCz5MauzN45dkGBkduv,
QmZagyCvaApteSFYN8DQrU7MMzpw81rrkov1b2BQu8B8fb,
QmW17bB2SRFjdYeQeTUdWyxXdVF8ARes9EfBPFsSR5bjpc,
QmP27Ej9s5RwMmQtrys6pNhwe6CMSE5rat6ym8FQEn42qH,
QmNx2XNsdsfeenfcvvkJMgS9JmDYLe2oomnuhXKG4g3hLV,
QmciQJpmmLN7E7oJZ2dmY5FuUqANh1FHbUUQYs7ZREasrp,
Qmar1bmK62nzXwRwAoZaWCqTbZNVgQfBKz8AqKAg2VDVGa,
QmVXSDaqHW9Rx7mv7Viece2sBLJgUreNE8WBbBY9idt1HB,
QmXApqJXb3g2hKsZcaTLFCzJ4zwgij2z5cnSUDQxicJ16Z,
QmfJxjkrBQeRtxRXneT7cq9Rp9egZJXTJucgyEfNS5hD6K,
QmPkqLyMRGfCudS2m9y3smQmuFu1tp2KomgLQj6pfNVQrW,
QmWFqS3XFGZWnscKEBt76wgDQGNQKgpoof5vPe7uiLNeH2,
QmdfUdK5TXhoKsodPoa4FY1PRzSMxCo83sqSuiSf5KoCy4,
QmWCiDnWSBu3GVBy7sznMjMZjbm1q6nb351ikY1FvqjfwM,
QmZoxMw8ZXk2LE8P7FF12fzKi6DjCq6vNEYTyNoadn15Bw,
QmRZHnh96H9L5aQfjVAnoDczccRaRoEaoSiXEhschRucQh,
QmPzgg91PvP8sSSDu48f1nzvPKK1YeKgFrskHggVFwES24,
QmX2tH7LArBYvv8XRwkBEtd1DLFNeyWnwLdGisX9P74PkG,
QmehSNPcCmgT443ySYxfhAPAiuo6iPuQptfnEPYNHWUsVn,
QmYFe1sN3wNrF448Y8NMfFdc4nBuameMXaQxDeC5Uj8Xv4,
QmU2PHkfFBn6SdREJwQwJduMWkJpWicQEnimU3P6MK68Q1,
QmWJStS6Lfva7Gfc5i5YoFXa6ZG9bmvgHUXtg2Q67zyjNF,
QmPKnoJharG3SeNmG8iut9XQQUpVA1ijnW334CbLALkzFi,
Qmbp1YpMhWTBo5qhGi7q7u6ZfCdLeaL7s6WYyJ3AqQQ25W,
QmS5WtPG5XR7vMGLhyj76QKK6rUj9QdKPPLmCTQQxwjawV,
QmRbcjsBzqufm36Kt6A2mhruzvrvqxcmEMkQWVYEbyD6Br,
QmYNUvZfrBFmVAMYe4UHm229WvuNV5gpj2EpcZXmXzsPro,
QmYDEPFLfhCvVfpm5JnLwabbDKCTWq4oHEXDae3fFojjP6,
QmVTvsmXdFgU588Q9YYaMkYa3mQYJoiwKRUh7qMSDcuQka,
QmWQQKMBxTRMpmt1DwapR9gZjzQgbMg3bvfQZBZc65XBhz,
QmbB1CbKtqQ8BbjkQoFqZPdRG37yWTukMZyrr453WbFYZG,
QmPVkoXtvRzatnfzAXmGtBJLGy22iTJYo254HY7zjC8nrz,
QmUmPTmZPiFpxfmfoVf4cpCKAFGc6AGSeWM8bkvxA5AXY5,
QmemkDSPe49cGQHnmdZMrvF3ZX4VhivNKxfBPMgq5QQBRy,
QmbogbbDmkmWqfd9oWfBirLr6c9g8naNNEYt449ygrCcrH,
QmYXvCMsEK3j2MbT6EPRJzgubrjBpiCSnKjsgTjPw77848,
Qma6DwkAM2SxAU7zuqwM2uTq5YyNKsrPCKY9FTBBrjSGrD,
QmajSUj5SaCUbHVtfynPGrv4pehQ1Pkp3LgCemA7BA1auF,
Qma8L7iwznBdwrvfCKWshZgmzzfWakSpa7fvugPRjnEfYM,
Qmc4DoewbjbTR58qAYByC7wcH3mUhBsU81fGcZnkP7XyrV,
QmbBqRCZgtehxibPsGgwNwGs1u8sqvkHv7fCvsxC9SZwb5,
QmeBMnwpyQKNEuGVyxZUYVhhLij2BRAQLL36uUfQPPBGLy,
QmeTR2A57HY4r9EPioQHGgAVryNKPUmEi1EDu3FtqLYkEf,
Qmbo8viBfWtYXKXcva6UUB2AwQx1AsJS7WRDExJJkU7mhX,
QmScJYQVww2XSFqxBp3HCecmpj2H2rz9Tphdwy9LQSwBHd,
QmetFx9Z5xqHsJaGYqqNkcjPAy3pSadPPeSBzsY9T2tdKm,
QmZAdvNnYGS7YUhGMknmShqMMkFKQDTkgmbkBPpnM6CWRx,
Qmf3vf8LJHuxWEx7KdPsjcSNrYjJBovRucyGDyUnDL3Hxz,
QmRdGZt6vzCu8pkQiJ4wttXjZsN4tWVWohxCC29ATeCoEG,
Qmb6UHwc5RRgJbqrE9iMJWj5QxAkijonnrgbvEPF1RoWXD,
QmRgCCb6UPWmdhBbcwmawYfJ8iXZ2c6sDpVnmVmd6v6wY9,
QmcKvFhx5YLKS3bEKFTjFRtk1rS4bYSWoBNW9iuBxsti7N,
QmQjNr7yUBkmQP1PRT1UDtStZj7S9oNfV6GCUL32KKYYhf,
QmSDbxsEU87Qz7F7pM2mj7DLvznxa2x6o2ALtnBFNN7ykR,
QmW9p2WaLZe7HkccbuKWYva8z5wn3PLKVseYeXyZ8LE7Tx,
QmSmkaNo3SwgkKpPAntVHMLvFZ8UBLxardGKzchTkbD2qX,
QmREhGYVpnf7icJpfxffTJVcfiDU51puZzZLqoVsFq5Pu9,
QmcNCXg8FhVGCDHSHGphTR78ncZw7h8cyW9iT8nNhx7wPF,
QmW6ypJx6XFYDo5FxkfQo4DXekJ1niCoANzxQoJ94XvpJt,
QmQyJR6pyR9suWKCfQBuU1TLPnvwkrbfo26G7cwpLWC92P,
QmRBvxHNMvQ3XA8AqkLMSTMXkVC8GRptDVwPmk47ETrQRi,
QmSjyqQJ2b24WEjpgzP5QzQCYrhDS2VoRZRehighf2y4bg,
QmTge9CSZfEeRsqy2tut2msxEXRn2mq2cmbUHXYVuvBC2h,
QmXdAUzQHsasHNFk5gPxSUmxxxsBiKNeMzokXbBWM3pnyP,
QmPGcfJDECxBYPuwq4h8paYNdChrqfaQfQaJqoxXpU74Mx,
QmUqyN23hKnGB1CyDwstw4mewAxqreCpGydEEdmBgXXMEu,
QmeGj4WncoHExe66sTDiRB9DHdxFXznN3Jt2Gzo7PHoqc8,
QmW85b3qvGyQWxAXbq4YyhaxK9ctiCTZP1KWTV3nGS8wg3,
QmNp3dExxvPGD5xsMkGj1aPDba4zeNCAcFpUiqx1gYm1hs,
QmdEjEAtvy4d3faJhUhMH8pks747NjpJxsVhqjy8jwGam6,
QmXkxsCXMwWwGHN5BuW6FY4LAqLvb7o2JSMdUp6irgL9wX,
QmYddbqBYgM6LrKKQfpAhTpPzE8qaJW1CpHdkjP35kCqoZ,
